2014-06-18 11:38:21 Notice: Notice (8): Undefined index: ads in [/Users/cristian/Proyectos/labs/ptf/site/View/Zonas/admin_index.ctp, line 17]
Trace:
include - APP/View/Zonas/admin_index.ctp, line 17
View::_evaluate() - CORE/Cake/View/View.php, line 935
View::_render() - CORE/Cake/View/View.php, line 897
View::render() - CORE/Cake/View/View.php, line 466
Controller::render() - CORE/Cake/Controller/Controller.php, line 954
Dispatcher::_invoke() - CORE/Cake/Routing/Dispatcher.php, line 192
Dispatcher::dispatch() - CORE/Cake/Routing/Dispatcher.php, line 160
[main] - APP/webroot/index.php, line 103

2014-06-18 11:38:21 Notice: Notice (8): Undefined index: ads in [/Users/cristian/Proyectos/labs/ptf/site/View/Zonas/admin_index.ctp, line 17]
Trace:
include - APP/View/Zonas/admin_index.ctp, line 17
View::_evaluate() - CORE/Cake/View/View.php, line 935
View::_render() - CORE/Cake/View/View.php, line 897
View::render() - CORE/Cake/View/View.php, line 466
Controller::render() - CORE/Cake/Controller/Controller.php, line 954
Dispatcher::_invoke() - CORE/Cake/Routing/Dispatcher.php, line 192
Dispatcher::dispatch() - CORE/Cake/Routing/Dispatcher.php, line 160
[main] - APP/webroot/index.php, line 103

2014-06-18 11:38:21 Notice: Notice (8): Undefined index: ads in [/Users/cristian/Proyectos/labs/ptf/site/View/Zonas/admin_index.ctp, line 17]
Trace:
include - APP/View/Zonas/admin_index.ctp, line 17
View::_evaluate() - CORE/Cake/View/View.php, line 935
View::_render() - CORE/Cake/View/View.php, line 897
View::render() - CORE/Cake/View/View.php, line 466
Controller::render() - CORE/Cake/Controller/Controller.php, line 954
Dispatcher::_invoke() - CORE/Cake/Routing/Dispatcher.php, line 192
Dispatcher::dispatch() - CORE/Cake/Routing/Dispatcher.php, line 160
[main] - APP/webroot/index.php, line 103

2014-06-18 11:38:34 Notice: Notice (8): Undefined index: dfp_id in [/Users/cristian/Proyectos/labs/ptf/site/View/AdUnits/admin_index.ctp, line 15]
Trace:
include - APP/View/AdUnits/admin_index.ctp, line 15
View::_evaluate() - CORE/Cake/View/View.php, line 935
View::_render() - CORE/Cake/View/View.php, line 897
View::render() - CORE/Cake/View/View.php, line 466
Controller::render() - CORE/Cake/Controller/Controller.php, line 954
Dispatcher::_invoke() - CORE/Cake/Routing/Dispatcher.php, line 192
Dispatcher::dispatch() - CORE/Cake/Routing/Dispatcher.php, line 160
[main] - APP/webroot/index.php, line 103

2014-06-18 11:38:34 Notice: Notice (8): Undefined index: sizes in [/Users/cristian/Proyectos/labs/ptf/site/View/AdUnits/admin_index.ctp, line 17]
Trace:
include - APP/View/AdUnits/admin_index.ctp, line 17
View::_evaluate() - CORE/Cake/View/View.php, line 935
View::_render() - CORE/Cake/View/View.php, line 897
View::render() - CORE/Cake/View/View.php, line 466
Controller::render() - CORE/Cake/Controller/Controller.php, line 954
Dispatcher::_invoke() - CORE/Cake/Routing/Dispatcher.php, line 192
Dispatcher::dispatch() - CORE/Cake/Routing/Dispatcher.php, line 160
[main] - APP/webroot/index.php, line 103

2014-06-18 11:38:34 Notice: Notice (8): Undefined index: dfp_id in [/Users/cristian/Proyectos/labs/ptf/site/View/AdUnits/admin_index.ctp, line 15]
Trace:
include - APP/View/AdUnits/admin_index.ctp, line 15
View::_evaluate() - CORE/Cake/View/View.php, line 935
View::_render() - CORE/Cake/View/View.php, line 897
View::render() - CORE/Cake/View/View.php, line 466
Controller::render() - CORE/Cake/Controller/Controller.php, line 954
Dispatcher::_invoke() - CORE/Cake/Routing/Dispatcher.php, line 192
Dispatcher::dispatch() - CORE/Cake/Routing/Dispatcher.php, line 160
[main] - APP/webroot/index.php, line 103

2014-06-18 11:38:34 Notice: Notice (8): Undefined index: sizes in [/Users/cristian/Proyectos/labs/ptf/site/View/AdUnits/admin_index.ctp, line 17]
Trace:
include - APP/View/AdUnits/admin_index.ctp, line 17
View::_evaluate() - CORE/Cake/View/View.php, line 935
View::_render() - CORE/Cake/View/View.php, line 897
View::render() - CORE/Cake/View/View.php, line 466
Controller::render() - CORE/Cake/Controller/Controller.php, line 954
Dispatcher::_invoke() - CORE/Cake/Routing/Dispatcher.php, line 192
Dispatcher::dispatch() - CORE/Cake/Routing/Dispatcher.php, line 160
[main] - APP/webroot/index.php, line 103

2014-06-18 11:38:34 Notice: Notice (8): Undefined index: dfp_id in [/Users/cristian/Proyectos/labs/ptf/site/View/AdUnits/admin_index.ctp, line 15]
Trace:
include - APP/View/AdUnits/admin_index.ctp, line 15
View::_evaluate() - CORE/Cake/View/View.php, line 935
View::_render() - CORE/Cake/View/View.php, line 897
View::render() - CORE/Cake/View/View.php, line 466
Controller::render() - CORE/Cake/Controller/Controller.php, line 954
Dispatcher::_invoke() - CORE/Cake/Routing/Dispatcher.php, line 192
Dispatcher::dispatch() - CORE/Cake/Routing/Dispatcher.php, line 160
[main] - APP/webroot/index.php, line 103

2014-06-18 11:38:34 Notice: Notice (8): Undefined index: sizes in [/Users/cristian/Proyectos/labs/ptf/site/View/AdUnits/admin_index.ctp, line 17]
Trace:
include - APP/View/AdUnits/admin_index.ctp, line 17
View::_evaluate() - CORE/Cake/View/View.php, line 935
View::_render() - CORE/Cake/View/View.php, line 897
View::render() - CORE/Cake/View/View.php, line 466
Controller::render() - CORE/Cake/Controller/Controller.php, line 954
Dispatcher::_invoke() - CORE/Cake/Routing/Dispatcher.php, line 192
Dispatcher::dispatch() - CORE/Cake/Routing/Dispatcher.php, line 160
[main] - APP/webroot/index.php, line 103

2014-06-18 11:38:39 Notice: Notice (8): Undefined index: ads in [/Users/cristian/Proyectos/labs/ptf/site/View/Zonas/admin_index.ctp, line 17]
Trace:
include - APP/View/Zonas/admin_index.ctp, line 17
View::_evaluate() - CORE/Cake/View/View.php, line 935
View::_render() - CORE/Cake/View/View.php, line 897
View::render() - CORE/Cake/View/View.php, line 466
Controller::render() - CORE/Cake/Controller/Controller.php, line 954
Dispatcher::_invoke() - CORE/Cake/Routing/Dispatcher.php, line 192
Dispatcher::dispatch() - CORE/Cake/Routing/Dispatcher.php, line 160
[main] - APP/webroot/index.php, line 103

2014-06-18 11:38:39 Notice: Notice (8): Undefined index: ads in [/Users/cristian/Proyectos/labs/ptf/site/View/Zonas/admin_index.ctp, line 17]
Trace:
include - APP/View/Zonas/admin_index.ctp, line 17
View::_evaluate() - CORE/Cake/View/View.php, line 935
View::_render() - CORE/Cake/View/View.php, line 897
View::render() - CORE/Cake/View/View.php, line 466
Controller::render() - CORE/Cake/Controller/Controller.php, line 954
Dispatcher::_invoke() - CORE/Cake/Routing/Dispatcher.php, line 192
Dispatcher::dispatch() - CORE/Cake/Routing/Dispatcher.php, line 160
[main] - APP/webroot/index.php, line 103

2014-06-18 11:38:39 Notice: Notice (8): Undefined index: ads in [/Users/cristian/Proyectos/labs/ptf/site/View/Zonas/admin_index.ctp, line 17]
Trace:
include - APP/View/Zonas/admin_index.ctp, line 17
View::_evaluate() - CORE/Cake/View/View.php, line 935
View::_render() - CORE/Cake/View/View.php, line 897
View::render() - CORE/Cake/View/View.php, line 466
Controller::render() - CORE/Cake/Controller/Controller.php, line 954
Dispatcher::_invoke() - CORE/Cake/Routing/Dispatcher.php, line 192
Dispatcher::dispatch() - CORE/Cake/Routing/Dispatcher.php, line 160
[main] - APP/webroot/index.php, line 103

2014-07-11 11:41:09 Notice: Notice (8): Undefined index: code in [/Users/cristian/Proyectos/labs/ptf/site/Controller/UsersController.php, line 234]
Trace:
UsersController::oauth2callback() - APP/Controller/UsersController.php, line 234
ReflectionMethod::invokeArgs() - [internal], line ??
Controller::invokeAction() - CORE/Cake/Controller/Controller.php, line 490
Dispatcher::_invoke() - CORE/Cake/Routing/Dispatcher.php, line 185
Dispatcher::dispatch() - CORE/Cake/Routing/Dispatcher.php, line 160
[main] - APP/webroot/index.php, line 103

2014-07-11 15:49:06 Notice: Notice (8): Undefined variable: captcha in [/Users/cristian/Proyectos/labs/ptf/site/View/Users/admin_login.ctp, line 7]
Trace:
include - APP/View/Users/admin_login.ctp, line 7
View::_evaluate() - CORE/Cake/View/View.php, line 935
View::_render() - CORE/Cake/View/View.php, line 897
View::render() - CORE/Cake/View/View.php, line 466
Controller::render() - CORE/Cake/Controller/Controller.php, line 954
Dispatcher::_invoke() - CORE/Cake/Routing/Dispatcher.php, line 192
Dispatcher::dispatch() - CORE/Cake/Routing/Dispatcher.php, line 160
[main] - APP/webroot/index.php, line 103

2014-07-11 15:49:06 Notice: Notice (8): Undefined variable: captcha_result in [/Users/cristian/Proyectos/labs/ptf/site/View/Users/admin_login.ctp, line 9]
Trace:
include - APP/View/Users/admin_login.ctp, line 9
View::_evaluate() - CORE/Cake/View/View.php, line 935
View::_render() - CORE/Cake/View/View.php, line 897
View::render() - CORE/Cake/View/View.php, line 466
Controller::render() - CORE/Cake/Controller/Controller.php, line 954
Dispatcher::_invoke() - CORE/Cake/Routing/Dispatcher.php, line 192
Dispatcher::dispatch() - CORE/Cake/Routing/Dispatcher.php, line 160
[main] - APP/webroot/index.php, line 103

2014-07-11 15:49:07 Notice: Notice (8): Undefined variable: captcha in [/Users/cristian/Proyectos/labs/ptf/site/View/Users/admin_login.ctp, line 7]
Trace:
include - APP/View/Users/admin_login.ctp, line 7
View::_evaluate() - CORE/Cake/View/View.php, line 935
View::_render() - CORE/Cake/View/View.php, line 897
View::render() - CORE/Cake/View/View.php, line 466
Controller::render() - CORE/Cake/Controller/Controller.php, line 954
Dispatcher::_invoke() - CORE/Cake/Routing/Dispatcher.php, line 192
Dispatcher::dispatch() - CORE/Cake/Routing/Dispatcher.php, line 160
[main] - APP/webroot/index.php, line 103

2014-07-11 15:49:07 Notice: Notice (8): Undefined variable: captcha_result in [/Users/cristian/Proyectos/labs/ptf/site/View/Users/admin_login.ctp, line 9]
Trace:
include - APP/View/Users/admin_login.ctp, line 9
View::_evaluate() - CORE/Cake/View/View.php, line 935
View::_render() - CORE/Cake/View/View.php, line 897
View::render() - CORE/Cake/View/View.php, line 466
Controller::render() - CORE/Cake/Controller/Controller.php, line 954
Dispatcher::_invoke() - CORE/Cake/Routing/Dispatcher.php, line 192
Dispatcher::dispatch() - CORE/Cake/Routing/Dispatcher.php, line 160
[main] - APP/webroot/index.php, line 103

