2014-06-18 11:16:53 Error: [MissingControllerException] Controller class AdminController could not be found.
Exception Attributes: array (
  'class' => 'AdminController',
  'plugin' => NULL,
)
Request URL: /site/admin/
Stack Trace:
#0 /Users/cristian/Proyectos/labs/ptf/site/webroot/index.php(103): Dispatcher->dispatch(Object(CakeRequest), Object(CakeResponse))
#1 {main}
2014-06-18 11:38:28 Error: [PDOException] SQLSTATE[42S22]: Column not found: 1054 Unknown column 'SitesAdOrder.id' in 'field list'
Request URL: /site/admin/sites/delete/2
Stack Trace:
#0 /Users/cristian/Proyectos/labs/ptf/Vendor/pear-pear.cakephp.org/CakePHP/Cake/Model/Datasource/DboSource.php(458): PDOStatement->execute(Array)
#1 /Users/cristian/Proyectos/labs/ptf/Vendor/pear-pear.cakephp.org/CakePHP/Cake/Model/Datasource/DboSource.php(424): DboSource->_execute('SELECT `SitesAd...', Array)
#2 /Users/cristian/Proyectos/labs/ptf/Vendor/pear-pear.cakephp.org/CakePHP/Cake/Model/Datasource/DboSource.php(665): DboSource->execute('SELECT `SitesAd...', Array, Array)
#3 /Users/cristian/Proyectos/labs/ptf/Vendor/pear-pear.cakephp.org/CakePHP/Cake/Model/Datasource/DboSource.php(1077): DboSource->fetchAll('SELECT `SitesAd...', false)
#4 /Users/cristian/Proyectos/labs/ptf/Vendor/pear-pear.cakephp.org/CakePHP/Cake/Model/Model.php(2903): DboSource->read(Object(AppModel), Array)
#5 /Users/cristian/Proyectos/labs/ptf/Vendor/pear-pear.cakephp.org/CakePHP/Cake/Model/Model.php(2875): Model->_readDataSource('all', Array)
#6 /Users/cristian/Proyectos/labs/ptf/Vendor/pear-pear.cakephp.org/CakePHP/Cake/Model/Model.php(2675): Model->find('all', Array)
#7 /Users/cristian/Proyectos/labs/ptf/Vendor/pear-pear.cakephp.org/CakePHP/Cake/Model/Model.php(2571): Model->_deleteLinks('2')
#8 /Users/cristian/Proyectos/labs/ptf/site/Controller/SitesController.php(125): Model->delete()
#9 [internal function]: SitesController->admin_delete('2')
#10 /Users/cristian/Proyectos/labs/ptf/Vendor/pear-pear.cakephp.org/CakePHP/Cake/Controller/Controller.php(490): ReflectionMethod->invokeArgs(Object(SitesController), Array)
#11 /Users/cristian/Proyectos/labs/ptf/Vendor/pear-pear.cakephp.org/CakePHP/Cake/Routing/Dispatcher.php(185): Controller->invokeAction(Object(CakeRequest))
#12 /Users/cristian/Proyectos/labs/ptf/Vendor/pear-pear.cakephp.org/CakePHP/Cake/Routing/Dispatcher.php(160): Dispatcher->_invoke(Object(SitesController), Object(CakeRequest), Object(CakeResponse))
#13 /Users/cristian/Proyectos/labs/ptf/site/webroot/index.php(103): Dispatcher->dispatch(Object(CakeRequest), Object(CakeResponse))
#14 {main}
2014-06-18 11:39:19 Error: [PDOException] SQLSTATE[42S22]: Column not found: 1054 Unknown column 'SitesAdOrder.id' in 'field list'
Request URL: /site/admin/sites/delete/2
Stack Trace:
#0 /Users/cristian/Proyectos/labs/ptf/Vendor/pear-pear.cakephp.org/CakePHP/Cake/Model/Datasource/DboSource.php(458): PDOStatement->execute(Array)
#1 /Users/cristian/Proyectos/labs/ptf/Vendor/pear-pear.cakephp.org/CakePHP/Cake/Model/Datasource/DboSource.php(424): DboSource->_execute('SELECT `SitesAd...', Array)
#2 /Users/cristian/Proyectos/labs/ptf/Vendor/pear-pear.cakephp.org/CakePHP/Cake/Model/Datasource/DboSource.php(665): DboSource->execute('SELECT `SitesAd...', Array, Array)
#3 /Users/cristian/Proyectos/labs/ptf/Vendor/pear-pear.cakephp.org/CakePHP/Cake/Model/Datasource/DboSource.php(1077): DboSource->fetchAll('SELECT `SitesAd...', false)
#4 /Users/cristian/Proyectos/labs/ptf/Vendor/pear-pear.cakephp.org/CakePHP/Cake/Model/Model.php(2903): DboSource->read(Object(AppModel), Array)
#5 /Users/cristian/Proyectos/labs/ptf/Vendor/pear-pear.cakephp.org/CakePHP/Cake/Model/Model.php(2875): Model->_readDataSource('all', Array)
#6 /Users/cristian/Proyectos/labs/ptf/Vendor/pear-pear.cakephp.org/CakePHP/Cake/Model/Model.php(2675): Model->find('all', Array)
#7 /Users/cristian/Proyectos/labs/ptf/Vendor/pear-pear.cakephp.org/CakePHP/Cake/Model/Model.php(2571): Model->_deleteLinks('2')
#8 /Users/cristian/Proyectos/labs/ptf/site/Controller/SitesController.php(125): Model->delete()
#9 [internal function]: SitesController->admin_delete('2')
#10 /Users/cristian/Proyectos/labs/ptf/Vendor/pear-pear.cakephp.org/CakePHP/Cake/Controller/Controller.php(490): ReflectionMethod->invokeArgs(Object(SitesController), Array)
#11 /Users/cristian/Proyectos/labs/ptf/Vendor/pear-pear.cakephp.org/CakePHP/Cake/Routing/Dispatcher.php(185): Controller->invokeAction(Object(CakeRequest))
#12 /Users/cristian/Proyectos/labs/ptf/Vendor/pear-pear.cakephp.org/CakePHP/Cake/Routing/Dispatcher.php(160): Dispatcher->_invoke(Object(SitesController), Object(CakeRequest), Object(CakeResponse))
#13 /Users/cristian/Proyectos/labs/ptf/site/webroot/index.php(103): Dispatcher->dispatch(Object(CakeRequest), Object(CakeResponse))
#14 {main}
2014-06-18 12:16:14 Error: [MissingActionException] Action SitesController::admin_descarga() could not be found.
Exception Attributes: array (
  'controller' => 'SitesController',
  'action' => 'admin_descarga',
)
Request URL: /site/admin/sites/descarga/3
Stack Trace:
#0 /Users/cristian/Proyectos/labs/ptf/Vendor/pear-pear.cakephp.org/CakePHP/Cake/Routing/Dispatcher.php(185): Controller->invokeAction(Object(CakeRequest))
#1 /Users/cristian/Proyectos/labs/ptf/Vendor/pear-pear.cakephp.org/CakePHP/Cake/Routing/Dispatcher.php(160): Dispatcher->_invoke(Object(SitesController), Object(CakeRequest), Object(CakeResponse))
#2 /Users/cristian/Proyectos/labs/ptf/site/webroot/index.php(103): Dispatcher->dispatch(Object(CakeRequest), Object(CakeResponse))
#3 {main}
2014-06-18 12:18:13 Error: Fatal Error (4): syntax error, unexpected 'public' (T_PUBLIC) in [/Users/cristian/Proyectos/labs/ptf/site/Controller/SitesController.php, line 341]
2014-06-18 12:18:13 Error: [FatalErrorException] syntax error, unexpected 'public' (T_PUBLIC)
Request URL: /site/admin/sites/getplugin/ss
Stack Trace:
#0 /Users/cristian/Proyectos/labs/ptf/Vendor/pear-pear.cakephp.org/CakePHP/Cake/Error/ErrorHandler.php(203): ErrorHandler::handleFatalError(4, 'syntax error, u...', '/Users/cristian...', 341)
#1 [internal function]: ErrorHandler::handleError(4, 'syntax error, u...', '/Users/cristian...', 341, Array)
#2 /Users/cristian/Proyectos/labs/ptf/Vendor/pear-pear.cakephp.org/CakePHP/Cake/Core/App.php(929): call_user_func('ErrorHandler::h...', 4, 'syntax error, u...', '/Users/cristian...', 341, Array)
#3 /Users/cristian/Proyectos/labs/ptf/Vendor/pear-pear.cakephp.org/CakePHP/Cake/Core/App.php(902): App::_checkFatalError()
#4 [internal function]: App::shutdown()
#5 {main}
2014-06-18 12:18:51 Error: [NotFoundException] Invalid site
Request URL: /site/admin/sites/getplugin/ss
Stack Trace:
#0 [internal function]: SitesController->admin_getplugin('ss')
#1 /Users/cristian/Proyectos/labs/ptf/Vendor/pear-pear.cakephp.org/CakePHP/Cake/Controller/Controller.php(490): ReflectionMethod->invokeArgs(Object(SitesController), Array)
#2 /Users/cristian/Proyectos/labs/ptf/Vendor/pear-pear.cakephp.org/CakePHP/Cake/Routing/Dispatcher.php(185): Controller->invokeAction(Object(CakeRequest))
#3 /Users/cristian/Proyectos/labs/ptf/Vendor/pear-pear.cakephp.org/CakePHP/Cake/Routing/Dispatcher.php(160): Dispatcher->_invoke(Object(SitesController), Object(CakeRequest), Object(CakeResponse))
#4 /Users/cristian/Proyectos/labs/ptf/site/webroot/index.php(103): Dispatcher->dispatch(Object(CakeRequest), Object(CakeResponse))
#5 {main}
2014-06-18 12:24:20 Error: [MissingViewException] View file "/Users/cristian/Proyectos/labs/ptf/site/View/Sites/admin_descarga.ctp" is missing.
Exception Attributes: array (
  'file' => '/Users/cristian/Proyectos/labs/ptf/site/View/Sites/admin_descarga.ctp',
)
Request URL: /site/admin/sites/descarga/3
Stack Trace:
#0 /Users/cristian/Proyectos/labs/ptf/Vendor/pear-pear.cakephp.org/CakePHP/Cake/View/View.php(463): View->_getViewFileName(NULL)
#1 /Users/cristian/Proyectos/labs/ptf/Vendor/pear-pear.cakephp.org/CakePHP/Cake/Controller/Controller.php(954): View->render(NULL, NULL)
#2 /Users/cristian/Proyectos/labs/ptf/Vendor/pear-pear.cakephp.org/CakePHP/Cake/Routing/Dispatcher.php(192): Controller->render()
#3 /Users/cristian/Proyectos/labs/ptf/Vendor/pear-pear.cakephp.org/CakePHP/Cake/Routing/Dispatcher.php(160): Dispatcher->_invoke(Object(SitesController), Object(CakeRequest), Object(CakeResponse))
#4 /Users/cristian/Proyectos/labs/ptf/site/webroot/index.php(103): Dispatcher->dispatch(Object(CakeRequest), Object(CakeResponse))
#5 {main}
2014-06-18 12:26:55 Error: [MissingViewException] View file "/Users/cristian/Proyectos/labs/ptf/site/View/Sites/admin_descarga.ctp" is missing.
Exception Attributes: array (
  'file' => '/Users/cristian/Proyectos/labs/ptf/site/View/Sites/admin_descarga.ctp',
)
Request URL: /site/admin/sites/descarga/3
Stack Trace:
#0 /Users/cristian/Proyectos/labs/ptf/Vendor/pear-pear.cakephp.org/CakePHP/Cake/View/View.php(463): View->_getViewFileName(NULL)
#1 /Users/cristian/Proyectos/labs/ptf/Vendor/pear-pear.cakephp.org/CakePHP/Cake/Controller/Controller.php(954): View->render(NULL, NULL)
#2 /Users/cristian/Proyectos/labs/ptf/Vendor/pear-pear.cakephp.org/CakePHP/Cake/Routing/Dispatcher.php(192): Controller->render()
#3 /Users/cristian/Proyectos/labs/ptf/Vendor/pear-pear.cakephp.org/CakePHP/Cake/Routing/Dispatcher.php(160): Dispatcher->_invoke(Object(SitesController), Object(CakeRequest), Object(CakeResponse))
#4 /Users/cristian/Proyectos/labs/ptf/site/webroot/index.php(103): Dispatcher->dispatch(Object(CakeRequest), Object(CakeResponse))
#5 {main}
2014-06-18 12:26:56 Error: [MissingViewException] View file "/Users/cristian/Proyectos/labs/ptf/site/View/Sites/admin_descarga.ctp" is missing.
Exception Attributes: array (
  'file' => '/Users/cristian/Proyectos/labs/ptf/site/View/Sites/admin_descarga.ctp',
)
Request URL: /site/admin/sites/descarga/3
Stack Trace:
#0 /Users/cristian/Proyectos/labs/ptf/Vendor/pear-pear.cakephp.org/CakePHP/Cake/View/View.php(463): View->_getViewFileName(NULL)
#1 /Users/cristian/Proyectos/labs/ptf/Vendor/pear-pear.cakephp.org/CakePHP/Cake/Controller/Controller.php(954): View->render(NULL, NULL)
#2 /Users/cristian/Proyectos/labs/ptf/Vendor/pear-pear.cakephp.org/CakePHP/Cake/Routing/Dispatcher.php(192): Controller->render()
#3 /Users/cristian/Proyectos/labs/ptf/Vendor/pear-pear.cakephp.org/CakePHP/Cake/Routing/Dispatcher.php(160): Dispatcher->_invoke(Object(SitesController), Object(CakeRequest), Object(CakeResponse))
#4 /Users/cristian/Proyectos/labs/ptf/site/webroot/index.php(103): Dispatcher->dispatch(Object(CakeRequest), Object(CakeResponse))
#5 {main}
2014-06-19 16:15:17 Error: Fatal Error (1): Call to a member function findBySites_id() on a non-object in [/Users/cristian/Proyectos/labs/ptf/site/Controller/SitesController.php, line 349]
2014-06-19 16:15:17 Error: [FatalErrorException] Call to a member function findBySites_id() on a non-object
Request URL: /site/admin/sites/descarga/3
Stack Trace:
#0 /Users/cristian/Proyectos/labs/ptf/Vendor/pear-pear.cakephp.org/CakePHP/Cake/Error/ErrorHandler.php(203): ErrorHandler::handleFatalError(1, 'Call to a membe...', '/Users/cristian...', 349)
#1 [internal function]: ErrorHandler::handleError(1, 'Call to a membe...', '/Users/cristian...', 349, Array)
#2 /Users/cristian/Proyectos/labs/ptf/Vendor/pear-pear.cakephp.org/CakePHP/Cake/Core/App.php(929): call_user_func('ErrorHandler::h...', 1, 'Call to a membe...', '/Users/cristian...', 349, Array)
#3 /Users/cristian/Proyectos/labs/ptf/Vendor/pear-pear.cakephp.org/CakePHP/Cake/Core/App.php(902): App::_checkFatalError()
#4 [internal function]: App::shutdown()
#5 {main}
2014-06-19 16:15:48 Error: Fatal Error (1): Call to a member function find() on a non-object in [/Users/cristian/Proyectos/labs/ptf/site/Controller/SitesController.php, line 349]
2014-06-19 16:15:48 Error: [FatalErrorException] Call to a member function find() on a non-object
Request URL: /site/admin/sites/descarga/3
Stack Trace:
#0 /Users/cristian/Proyectos/labs/ptf/Vendor/pear-pear.cakephp.org/CakePHP/Cake/Error/ErrorHandler.php(203): ErrorHandler::handleFatalError(1, 'Call to a membe...', '/Users/cristian...', 349)
#1 [internal function]: ErrorHandler::handleError(1, 'Call to a membe...', '/Users/cristian...', 349, Array)
#2 /Users/cristian/Proyectos/labs/ptf/Vendor/pear-pear.cakephp.org/CakePHP/Cake/Core/App.php(929): call_user_func('ErrorHandler::h...', 1, 'Call to a membe...', '/Users/cristian...', 349, Array)
#3 /Users/cristian/Proyectos/labs/ptf/Vendor/pear-pear.cakephp.org/CakePHP/Cake/Core/App.php(902): App::_checkFatalError()
#4 [internal function]: App::shutdown()
#5 {main}
2014-06-19 16:16:02 Error: Fatal Error (1): Call to a member function findBySites_id() on a non-object in [/Users/cristian/Proyectos/labs/ptf/site/Controller/SitesController.php, line 349]
2014-06-19 16:16:02 Error: [FatalErrorException] Call to a member function findBySites_id() on a non-object
Request URL: /site/admin/sites/descarga/3
Stack Trace:
#0 /Users/cristian/Proyectos/labs/ptf/Vendor/pear-pear.cakephp.org/CakePHP/Cake/Error/ErrorHandler.php(203): ErrorHandler::handleFatalError(1, 'Call to a membe...', '/Users/cristian...', 349)
#1 [internal function]: ErrorHandler::handleError(1, 'Call to a membe...', '/Users/cristian...', 349, Array)
#2 /Users/cristian/Proyectos/labs/ptf/Vendor/pear-pear.cakephp.org/CakePHP/Cake/Core/App.php(929): call_user_func('ErrorHandler::h...', 1, 'Call to a membe...', '/Users/cristian...', 349, Array)
#3 /Users/cristian/Proyectos/labs/ptf/Vendor/pear-pear.cakephp.org/CakePHP/Cake/Core/App.php(902): App::_checkFatalError()
#4 [internal function]: App::shutdown()
#5 {main}
2014-06-19 17:08:59 Error: [MissingActionException] Action UsersController::admin() could not be found.
Exception Attributes: array (
  'controller' => 'UsersController',
  'action' => 'admin',
)
Request URL: /site/users/admin/sites/descarga/3
Stack Trace:
#0 /Users/cristian/Proyectos/labs/ptf/Vendor/pear-pear.cakephp.org/CakePHP/Cake/Routing/Dispatcher.php(185): Controller->invokeAction(Object(CakeRequest))
#1 /Users/cristian/Proyectos/labs/ptf/Vendor/pear-pear.cakephp.org/CakePHP/Cake/Routing/Dispatcher.php(160): Dispatcher->_invoke(Object(UsersController), Object(CakeRequest), Object(CakeResponse))
#2 /Users/cristian/Proyectos/labs/ptf/site/webroot/index.php(103): Dispatcher->dispatch(Object(CakeRequest), Object(CakeResponse))
#3 {main}
2014-06-19 17:09:16 Error: [MissingActionException] Action UsersController::admin() could not be found.
Exception Attributes: array (
  'controller' => 'UsersController',
  'action' => 'admin',
)
Request URL: /site/users/admin/sites/descarga/3
Stack Trace:
#0 /Users/cristian/Proyectos/labs/ptf/Vendor/pear-pear.cakephp.org/CakePHP/Cake/Routing/Dispatcher.php(185): Controller->invokeAction(Object(CakeRequest))
#1 /Users/cristian/Proyectos/labs/ptf/Vendor/pear-pear.cakephp.org/CakePHP/Cake/Routing/Dispatcher.php(160): Dispatcher->_invoke(Object(UsersController), Object(CakeRequest), Object(CakeResponse))
#2 /Users/cristian/Proyectos/labs/ptf/site/webroot/index.php(103): Dispatcher->dispatch(Object(CakeRequest), Object(CakeResponse))
#3 {main}
2014-06-19 17:09:25 Error: [BadRequestException] Petición no válida
Request URL: /site/users/login
Stack Trace:
#0 [internal function]: UsersController->login()
#1 /Users/cristian/Proyectos/labs/ptf/Vendor/pear-pear.cakephp.org/CakePHP/Cake/Controller/Controller.php(490): ReflectionMethod->invokeArgs(Object(UsersController), Array)
#2 /Users/cristian/Proyectos/labs/ptf/Vendor/pear-pear.cakephp.org/CakePHP/Cake/Routing/Dispatcher.php(185): Controller->invokeAction(Object(CakeRequest))
#3 /Users/cristian/Proyectos/labs/ptf/Vendor/pear-pear.cakephp.org/CakePHP/Cake/Routing/Dispatcher.php(160): Dispatcher->_invoke(Object(UsersController), Object(CakeRequest), Object(CakeResponse))
#4 /Users/cristian/Proyectos/labs/ptf/site/webroot/index.php(103): Dispatcher->dispatch(Object(CakeRequest), Object(CakeResponse))
#5 {main}
2014-06-19 17:09:41 Error: [MissingControllerException] Controller class AdminController could not be found.
Exception Attributes: array (
  'class' => 'AdminController',
  'plugin' => NULL,
)
Request URL: /site/admin/
Stack Trace:
#0 /Users/cristian/Proyectos/labs/ptf/site/webroot/index.php(103): Dispatcher->dispatch(Object(CakeRequest), Object(CakeResponse))
#1 {main}
2014-06-19 17:09:51 Error: [ForbiddenException] Sin código autorización
Request URL: /site/oauth2callback
Stack Trace:
#0 [internal function]: UsersController->oauth2callback()
#1 /Users/cristian/Proyectos/labs/ptf/Vendor/pear-pear.cakephp.org/CakePHP/Cake/Controller/Controller.php(490): ReflectionMethod->invokeArgs(Object(UsersController), Array)
#2 /Users/cristian/Proyectos/labs/ptf/Vendor/pear-pear.cakephp.org/CakePHP/Cake/Routing/Dispatcher.php(185): Controller->invokeAction(Object(CakeRequest))
#3 /Users/cristian/Proyectos/labs/ptf/Vendor/pear-pear.cakephp.org/CakePHP/Cake/Routing/Dispatcher.php(160): Dispatcher->_invoke(Object(UsersController), Object(CakeRequest), Object(CakeResponse))
#4 /Users/cristian/Proyectos/labs/ptf/site/webroot/index.php(103): Dispatcher->dispatch(Object(CakeRequest), Object(CakeResponse))
#5 {main}
2014-06-19 18:10:00 Error: [MissingActionException] Action UsersController::admin() could not be found.
Exception Attributes: array (
  'controller' => 'UsersController',
  'action' => 'admin',
)
Request URL: /site/users/admin/sites/descarga/3
Stack Trace:
#0 /Users/cristian/Proyectos/labs/ptf/Vendor/pear-pear.cakephp.org/CakePHP/Cake/Routing/Dispatcher.php(185): Controller->invokeAction(Object(CakeRequest))
#1 /Users/cristian/Proyectos/labs/ptf/Vendor/pear-pear.cakephp.org/CakePHP/Cake/Routing/Dispatcher.php(160): Dispatcher->_invoke(Object(UsersController), Object(CakeRequest), Object(CakeResponse))
#2 /Users/cristian/Proyectos/labs/ptf/site/webroot/index.php(103): Dispatcher->dispatch(Object(CakeRequest), Object(CakeResponse))
#3 {main}
2014-06-19 18:15:10 Error: Fatal Error (4): syntax error, unexpected '?' in [/Users/cristian/Proyectos/labs/ptf/site/Controller/SitesController.php, line 450]
2014-06-19 18:15:10 Error: [FatalErrorException] syntax error, unexpected '?'
Request URL: /site/admin/sites/descarga/3
Stack Trace:
#0 /Users/cristian/Proyectos/labs/ptf/Vendor/pear-pear.cakephp.org/CakePHP/Cake/Error/ErrorHandler.php(203): ErrorHandler::handleFatalError(4, 'syntax error, u...', '/Users/cristian...', 450)
#1 [internal function]: ErrorHandler::handleError(4, 'syntax error, u...', '/Users/cristian...', 450, Array)
#2 /Users/cristian/Proyectos/labs/ptf/Vendor/pear-pear.cakephp.org/CakePHP/Cake/Core/App.php(929): call_user_func('ErrorHandler::h...', 4, 'syntax error, u...', '/Users/cristian...', 450, Array)
#3 /Users/cristian/Proyectos/labs/ptf/Vendor/pear-pear.cakephp.org/CakePHP/Cake/Core/App.php(902): App::_checkFatalError()
#4 [internal function]: App::shutdown()
#5 {main}
2014-06-23 09:54:56 Error: [BadRequestException] Petición no válida
Request URL: /site/users/login
Stack Trace:
#0 [internal function]: UsersController->login()
#1 /Users/cristian/Proyectos/labs/ptf/Vendor/pear-pear.cakephp.org/CakePHP/Cake/Controller/Controller.php(490): ReflectionMethod->invokeArgs(Object(UsersController), Array)
#2 /Users/cristian/Proyectos/labs/ptf/Vendor/pear-pear.cakephp.org/CakePHP/Cake/Routing/Dispatcher.php(185): Controller->invokeAction(Object(CakeRequest))
#3 /Users/cristian/Proyectos/labs/ptf/Vendor/pear-pear.cakephp.org/CakePHP/Cake/Routing/Dispatcher.php(160): Dispatcher->_invoke(Object(UsersController), Object(CakeRequest), Object(CakeResponse))
#4 /Users/cristian/Proyectos/labs/ptf/site/webroot/index.php(103): Dispatcher->dispatch(Object(CakeRequest), Object(CakeResponse))
#5 {main}
2014-06-23 10:09:11 Error: Fatal Error (4): syntax error, unexpected ':', expecting ',' or ';' in [/Users/cristian/Proyectos/labs/ptf/site/Controller/SitesController.php, line 488]
2014-06-23 10:09:11 Error: [FatalErrorException] syntax error, unexpected ':', expecting ',' or ';'
Request URL: /site/admin/sites/getplugin/4
Stack Trace:
#0 /Users/cristian/Proyectos/labs/ptf/Vendor/pear-pear.cakephp.org/CakePHP/Cake/Error/ErrorHandler.php(203): ErrorHandler::handleFatalError(4, 'syntax error, u...', '/Users/cristian...', 488)
#1 [internal function]: ErrorHandler::handleError(4, 'syntax error, u...', '/Users/cristian...', 488, Array)
#2 /Users/cristian/Proyectos/labs/ptf/Vendor/pear-pear.cakephp.org/CakePHP/Cake/Core/App.php(929): call_user_func('ErrorHandler::h...', 4, 'syntax error, u...', '/Users/cristian...', 488, Array)
#3 /Users/cristian/Proyectos/labs/ptf/Vendor/pear-pear.cakephp.org/CakePHP/Cake/Core/App.php(902): App::_checkFatalError()
#4 [internal function]: App::shutdown()
#5 {main}
2014-06-23 10:51:07 Error: [PDOException] SQLSTATE[42S22]: Column not found: 1054 Unknown column 'AdUnit.tag_script' in 'field list'
Request URL: /site/admin/sites/view/1
Stack Trace:
#0 /Users/cristian/Proyectos/labs/ptf/Vendor/pear-pear.cakephp.org/CakePHP/Cake/Model/Datasource/DboSource.php(458): PDOStatement->execute(Array)
#1 /Users/cristian/Proyectos/labs/ptf/Vendor/pear-pear.cakephp.org/CakePHP/Cake/Model/Datasource/DboSource.php(424): DboSource->_execute('SELECT `AdUnit`...', Array)
#2 /Users/cristian/Proyectos/labs/ptf/Vendor/pear-pear.cakephp.org/CakePHP/Cake/Model/Datasource/DboSource.php(665): DboSource->execute('SELECT `AdUnit`...', Array, Array)
#3 /Users/cristian/Proyectos/labs/ptf/Vendor/pear-pear.cakephp.org/CakePHP/Cake/Model/Datasource/DboSource.php(1251): DboSource->fetchAll('SELECT `AdUnit`...', false)
#4 /Users/cristian/Proyectos/labs/ptf/Vendor/pear-pear.cakephp.org/CakePHP/Cake/Model/Datasource/DboSource.php(1112): DboSource->queryAssociation(Object(Zona), Object(AdUnit), 'hasAndBelongsTo...', 'AdUnit', Array, Array, true, Array, 0, Array)
#5 /Users/cristian/Proyectos/labs/ptf/Vendor/pear-pear.cakephp.org/CakePHP/Cake/Model/Model.php(2903): DboSource->read(Object(Zona), Array)
#6 /Users/cristian/Proyectos/labs/ptf/Vendor/pear-pear.cakephp.org/CakePHP/Cake/Model/Model.php(2875): Model->_readDataSource('all', Array)
#7 /Users/cristian/Proyectos/labs/ptf/site/Controller/SitesController.php(65): Model->find('all', Array)
#8 [internal function]: SitesController->admin_view('1')
#9 /Users/cristian/Proyectos/labs/ptf/Vendor/pear-pear.cakephp.org/CakePHP/Cake/Controller/Controller.php(490): ReflectionMethod->invokeArgs(Object(SitesController), Array)
#10 /Users/cristian/Proyectos/labs/ptf/Vendor/pear-pear.cakephp.org/CakePHP/Cake/Routing/Dispatcher.php(185): Controller->invokeAction(Object(CakeRequest))
#11 /Users/cristian/Proyectos/labs/ptf/Vendor/pear-pear.cakephp.org/CakePHP/Cake/Routing/Dispatcher.php(160): Dispatcher->_invoke(Object(SitesController), Object(CakeRequest), Object(CakeResponse))
#12 /Users/cristian/Proyectos/labs/ptf/site/webroot/index.php(103): Dispatcher->dispatch(Object(CakeRequest), Object(CakeResponse))
#13 {main}
2014-06-23 11:03:19 Error: [PDOException] SQLSTATE[23000]: Integrity constraint violation: 1451 Cannot delete or update a parent row: a foreign key constraint fails (`media_ad`.`zonas`, CONSTRAINT `zonas_ibfk_1` FOREIGN KEY (`sites_id`) REFERENCES `sites` (`id`) ON DELETE NO ACTION ON UPDATE NO ACTION)
Request URL: /site/admin/sites/delete/4
Stack Trace:
#0 /Users/cristian/Proyectos/labs/ptf/Vendor/pear-pear.cakephp.org/CakePHP/Cake/Model/Datasource/DboSource.php(458): PDOStatement->execute(Array)
#1 /Users/cristian/Proyectos/labs/ptf/Vendor/pear-pear.cakephp.org/CakePHP/Cake/Model/Datasource/DboSource.php(424): DboSource->_execute('DELETE `Site` F...', Array)
#2 /Users/cristian/Proyectos/labs/ptf/Vendor/pear-pear.cakephp.org/CakePHP/Cake/Model/Datasource/Database/Mysql.php(440): DboSource->execute('DELETE `Site` F...')
#3 /Users/cristian/Proyectos/labs/ptf/Vendor/pear-pear.cakephp.org/CakePHP/Cake/Model/Model.php(2590): Mysql->delete(Object(Site), Array)
#4 /Users/cristian/Proyectos/labs/ptf/site/Controller/SitesController.php(129): Model->delete()
#5 [internal function]: SitesController->admin_delete('4')
#6 /Users/cristian/Proyectos/labs/ptf/Vendor/pear-pear.cakephp.org/CakePHP/Cake/Controller/Controller.php(490): ReflectionMethod->invokeArgs(Object(SitesController), Array)
#7 /Users/cristian/Proyectos/labs/ptf/Vendor/pear-pear.cakephp.org/CakePHP/Cake/Routing/Dispatcher.php(185): Controller->invokeAction(Object(CakeRequest))
#8 /Users/cristian/Proyectos/labs/ptf/Vendor/pear-pear.cakephp.org/CakePHP/Cake/Routing/Dispatcher.php(160): Dispatcher->_invoke(Object(SitesController), Object(CakeRequest), Object(CakeResponse))
#9 /Users/cristian/Proyectos/labs/ptf/site/webroot/index.php(103): Dispatcher->dispatch(Object(CakeRequest), Object(CakeResponse))
#10 {main}
2014-06-23 11:03:52 Error: [PDOException] SQLSTATE[42S22]: Column not found: 1054 Unknown column 'ZonasAdUnit.id' in 'field list'
Request URL: /site/admin/zonas/delete/4
Stack Trace:
#0 /Users/cristian/Proyectos/labs/ptf/Vendor/pear-pear.cakephp.org/CakePHP/Cake/Model/Datasource/DboSource.php(458): PDOStatement->execute(Array)
#1 /Users/cristian/Proyectos/labs/ptf/Vendor/pear-pear.cakephp.org/CakePHP/Cake/Model/Datasource/DboSource.php(424): DboSource->_execute('SELECT `ZonasAd...', Array)
#2 /Users/cristian/Proyectos/labs/ptf/Vendor/pear-pear.cakephp.org/CakePHP/Cake/Model/Datasource/DboSource.php(665): DboSource->execute('SELECT `ZonasAd...', Array, Array)
#3 /Users/cristian/Proyectos/labs/ptf/Vendor/pear-pear.cakephp.org/CakePHP/Cake/Model/Datasource/DboSource.php(1077): DboSource->fetchAll('SELECT `ZonasAd...', false)
#4 /Users/cristian/Proyectos/labs/ptf/Vendor/pear-pear.cakephp.org/CakePHP/Cake/Model/Model.php(2903): DboSource->read(Object(AppModel), Array)
#5 /Users/cristian/Proyectos/labs/ptf/Vendor/pear-pear.cakephp.org/CakePHP/Cake/Model/Model.php(2875): Model->_readDataSource('all', Array)
#6 /Users/cristian/Proyectos/labs/ptf/Vendor/pear-pear.cakephp.org/CakePHP/Cake/Model/Model.php(2675): Model->find('all', Array)
#7 /Users/cristian/Proyectos/labs/ptf/Vendor/pear-pear.cakephp.org/CakePHP/Cake/Model/Model.php(2571): Model->_deleteLinks('4')
#8 /Users/cristian/Proyectos/labs/ptf/site/Controller/ZonasController.php(223): Model->delete()
#9 [internal function]: ZonasController->admin_delete('4')
#10 /Users/cristian/Proyectos/labs/ptf/Vendor/pear-pear.cakephp.org/CakePHP/Cake/Controller/Controller.php(490): ReflectionMethod->invokeArgs(Object(ZonasController), Array)
#11 /Users/cristian/Proyectos/labs/ptf/Vendor/pear-pear.cakephp.org/CakePHP/Cake/Routing/Dispatcher.php(185): Controller->invokeAction(Object(CakeRequest))
#12 /Users/cristian/Proyectos/labs/ptf/Vendor/pear-pear.cakephp.org/CakePHP/Cake/Routing/Dispatcher.php(160): Dispatcher->_invoke(Object(ZonasController), Object(CakeRequest), Object(CakeResponse))
#13 /Users/cristian/Proyectos/labs/ptf/site/webroot/index.php(103): Dispatcher->dispatch(Object(CakeRequest), Object(CakeResponse))
#14 {main}
2014-06-23 11:13:20 Error: [MissingActionException] Action UsersController::admin() could not be found.
Exception Attributes: array (
  'controller' => 'UsersController',
  'action' => 'admin',
)
Request URL: /site/users/admin/sites/dfporders/5
Stack Trace:
#0 /Users/cristian/Proyectos/labs/ptf/Vendor/pear-pear.cakephp.org/CakePHP/Cake/Routing/Dispatcher.php(185): Controller->invokeAction(Object(CakeRequest))
#1 /Users/cristian/Proyectos/labs/ptf/Vendor/pear-pear.cakephp.org/CakePHP/Cake/Routing/Dispatcher.php(160): Dispatcher->_invoke(Object(UsersController), Object(CakeRequest), Object(CakeResponse))
#2 /Users/cristian/Proyectos/labs/ptf/site/webroot/index.php(103): Dispatcher->dispatch(Object(CakeRequest), Object(CakeResponse))
#3 {main}
2014-06-23 15:00:07 Error: [MissingActionException] Action UsersController::admin() could not be found.
Exception Attributes: array (
  'controller' => 'UsersController',
  'action' => 'admin',
)
Request URL: /site/users/admin/zonas/add/7/192264285/114991485
Stack Trace:
#0 /Users/cristian/Proyectos/labs/ptf/Vendor/pear-pear.cakephp.org/CakePHP/Cake/Routing/Dispatcher.php(185): Controller->invokeAction(Object(CakeRequest))
#1 /Users/cristian/Proyectos/labs/ptf/Vendor/pear-pear.cakephp.org/CakePHP/Cake/Routing/Dispatcher.php(160): Dispatcher->_invoke(Object(UsersController), Object(CakeRequest), Object(CakeResponse))
#2 /Users/cristian/Proyectos/labs/ptf/site/webroot/index.php(103): Dispatcher->dispatch(Object(CakeRequest), Object(CakeResponse))
#3 {main}
2014-06-23 15:16:32 Error: [PDOException] SQLSTATE[23000]: Integrity constraint violation: 1048 Column 'ad_units_id' cannot be null
Request URL: /site/admin/zonas/add/7/192264285/114991485/4
Stack Trace:
#0 /Users/cristian/Proyectos/labs/ptf/Vendor/pear-pear.cakephp.org/CakePHP/Cake/Model/Datasource/DboSource.php(458): PDOStatement->execute(Array)
#1 /Users/cristian/Proyectos/labs/ptf/Vendor/pear-pear.cakephp.org/CakePHP/Cake/Model/Datasource/DboSource.php(424): DboSource->_execute('INSERT INTO `me...', Array)
#2 /Users/cristian/Proyectos/labs/ptf/Vendor/pear-pear.cakephp.org/CakePHP/Cake/Model/Datasource/DboSource.php(1004): DboSource->execute('INSERT INTO `me...')
#3 /Users/cristian/Proyectos/labs/ptf/Vendor/pear-pear.cakephp.org/CakePHP/Cake/Model/Model.php(1832): DboSource->create(Object(ZonasAdUnit), Array, Array)
#4 /Users/cristian/Proyectos/labs/ptf/site/Controller/ZonasController.php(104): Model->save(Array)
#5 [internal function]: ZonasController->admin_add('7', '192264285', '114991485', '4')
#6 /Users/cristian/Proyectos/labs/ptf/Vendor/pear-pear.cakephp.org/CakePHP/Cake/Controller/Controller.php(490): ReflectionMethod->invokeArgs(Object(ZonasController), Array)
#7 /Users/cristian/Proyectos/labs/ptf/Vendor/pear-pear.cakephp.org/CakePHP/Cake/Routing/Dispatcher.php(185): Controller->invokeAction(Object(CakeRequest))
#8 /Users/cristian/Proyectos/labs/ptf/Vendor/pear-pear.cakephp.org/CakePHP/Cake/Routing/Dispatcher.php(160): Dispatcher->_invoke(Object(ZonasController), Object(CakeRequest), Object(CakeResponse))
#9 /Users/cristian/Proyectos/labs/ptf/site/webroot/index.php(103): Dispatcher->dispatch(Object(CakeRequest), Object(CakeResponse))
#10 {main}
2014-06-23 15:22:25 Error: [PDOException] SQLSTATE[23000]: Integrity constraint violation: 1048 Column 'ad_units_id' cannot be null
Request URL: /site/admin/zonas/add/7/192264285/114991485/4
Stack Trace:
#0 /Users/cristian/Proyectos/labs/ptf/Vendor/pear-pear.cakephp.org/CakePHP/Cake/Model/Datasource/DboSource.php(458): PDOStatement->execute(Array)
#1 /Users/cristian/Proyectos/labs/ptf/Vendor/pear-pear.cakephp.org/CakePHP/Cake/Model/Datasource/DboSource.php(424): DboSource->_execute('INSERT INTO `me...', Array)
#2 /Users/cristian/Proyectos/labs/ptf/Vendor/pear-pear.cakephp.org/CakePHP/Cake/Model/Datasource/DboSource.php(1004): DboSource->execute('INSERT INTO `me...')
#3 /Users/cristian/Proyectos/labs/ptf/Vendor/pear-pear.cakephp.org/CakePHP/Cake/Model/Model.php(1832): DboSource->create(Object(ZonasAdUnit), Array, Array)
#4 /Users/cristian/Proyectos/labs/ptf/site/Controller/ZonasController.php(107): Model->save(Array)
#5 [internal function]: ZonasController->admin_add('7', '192264285', '114991485', '4')
#6 /Users/cristian/Proyectos/labs/ptf/Vendor/pear-pear.cakephp.org/CakePHP/Cake/Controller/Controller.php(490): ReflectionMethod->invokeArgs(Object(ZonasController), Array)
#7 /Users/cristian/Proyectos/labs/ptf/Vendor/pear-pear.cakephp.org/CakePHP/Cake/Routing/Dispatcher.php(185): Controller->invokeAction(Object(CakeRequest))
#8 /Users/cristian/Proyectos/labs/ptf/Vendor/pear-pear.cakephp.org/CakePHP/Cake/Routing/Dispatcher.php(160): Dispatcher->_invoke(Object(ZonasController), Object(CakeRequest), Object(CakeResponse))
#9 /Users/cristian/Proyectos/labs/ptf/site/webroot/index.php(103): Dispatcher->dispatch(Object(CakeRequest), Object(CakeResponse))
#10 {main}
2014-06-23 15:23:06 Error: [PDOException] SQLSTATE[23000]: Integrity constraint violation: 1048 Column 'ad_units_id' cannot be null
Request URL: /site/admin/zonas/add/7/192264285/114991485/4
Stack Trace:
#0 /Users/cristian/Proyectos/labs/ptf/Vendor/pear-pear.cakephp.org/CakePHP/Cake/Model/Datasource/DboSource.php(458): PDOStatement->execute(Array)
#1 /Users/cristian/Proyectos/labs/ptf/Vendor/pear-pear.cakephp.org/CakePHP/Cake/Model/Datasource/DboSource.php(424): DboSource->_execute('INSERT INTO `me...', Array)
#2 /Users/cristian/Proyectos/labs/ptf/Vendor/pear-pear.cakephp.org/CakePHP/Cake/Model/Datasource/DboSource.php(1004): DboSource->execute('INSERT INTO `me...')
#3 /Users/cristian/Proyectos/labs/ptf/Vendor/pear-pear.cakephp.org/CakePHP/Cake/Model/Model.php(1832): DboSource->create(Object(ZonasAdUnit), Array, Array)
#4 /Users/cristian/Proyectos/labs/ptf/site/Controller/ZonasController.php(107): Model->save(Array)
#5 [internal function]: ZonasController->admin_add('7', '192264285', '114991485', '4')
#6 /Users/cristian/Proyectos/labs/ptf/Vendor/pear-pear.cakephp.org/CakePHP/Cake/Controller/Controller.php(490): ReflectionMethod->invokeArgs(Object(ZonasController), Array)
#7 /Users/cristian/Proyectos/labs/ptf/Vendor/pear-pear.cakephp.org/CakePHP/Cake/Routing/Dispatcher.php(185): Controller->invokeAction(Object(CakeRequest))
#8 /Users/cristian/Proyectos/labs/ptf/Vendor/pear-pear.cakephp.org/CakePHP/Cake/Routing/Dispatcher.php(160): Dispatcher->_invoke(Object(ZonasController), Object(CakeRequest), Object(CakeResponse))
#9 /Users/cristian/Proyectos/labs/ptf/site/webroot/index.php(103): Dispatcher->dispatch(Object(CakeRequest), Object(CakeResponse))
#10 {main}
2014-06-23 15:23:51 Error: [PDOException] SQLSTATE[23000]: Integrity constraint violation: 1048 Column 'ad_units_id' cannot be null
Request URL: /site/admin/zonas/add/7/192264285/114991485/4
Stack Trace:
#0 /Users/cristian/Proyectos/labs/ptf/Vendor/pear-pear.cakephp.org/CakePHP/Cake/Model/Datasource/DboSource.php(458): PDOStatement->execute(Array)
#1 /Users/cristian/Proyectos/labs/ptf/Vendor/pear-pear.cakephp.org/CakePHP/Cake/Model/Datasource/DboSource.php(424): DboSource->_execute('INSERT INTO `me...', Array)
#2 /Users/cristian/Proyectos/labs/ptf/Vendor/pear-pear.cakephp.org/CakePHP/Cake/Model/Datasource/DboSource.php(1004): DboSource->execute('INSERT INTO `me...')
#3 /Users/cristian/Proyectos/labs/ptf/Vendor/pear-pear.cakephp.org/CakePHP/Cake/Model/Model.php(1832): DboSource->create(Object(ZonasAdUnit), Array, Array)
#4 /Users/cristian/Proyectos/labs/ptf/site/Controller/ZonasController.php(108): Model->save(Array)
#5 [internal function]: ZonasController->admin_add('7', '192264285', '114991485', '4')
#6 /Users/cristian/Proyectos/labs/ptf/Vendor/pear-pear.cakephp.org/CakePHP/Cake/Controller/Controller.php(490): ReflectionMethod->invokeArgs(Object(ZonasController), Array)
#7 /Users/cristian/Proyectos/labs/ptf/Vendor/pear-pear.cakephp.org/CakePHP/Cake/Routing/Dispatcher.php(185): Controller->invokeAction(Object(CakeRequest))
#8 /Users/cristian/Proyectos/labs/ptf/Vendor/pear-pear.cakephp.org/CakePHP/Cake/Routing/Dispatcher.php(160): Dispatcher->_invoke(Object(ZonasController), Object(CakeRequest), Object(CakeResponse))
#9 /Users/cristian/Proyectos/labs/ptf/site/webroot/index.php(103): Dispatcher->dispatch(Object(CakeRequest), Object(CakeResponse))
#10 {main}
2014-06-23 15:24:06 Error: [PDOException] SQLSTATE[23000]: Integrity constraint violation: 1048 Column 'ad_units_id' cannot be null
Request URL: /site/admin/zonas/add/7/192264285/114991485/4
Stack Trace:
#0 /Users/cristian/Proyectos/labs/ptf/Vendor/pear-pear.cakephp.org/CakePHP/Cake/Model/Datasource/DboSource.php(458): PDOStatement->execute(Array)
#1 /Users/cristian/Proyectos/labs/ptf/Vendor/pear-pear.cakephp.org/CakePHP/Cake/Model/Datasource/DboSource.php(424): DboSource->_execute('INSERT INTO `me...', Array)
#2 /Users/cristian/Proyectos/labs/ptf/Vendor/pear-pear.cakephp.org/CakePHP/Cake/Model/Datasource/DboSource.php(1004): DboSource->execute('INSERT INTO `me...')
#3 /Users/cristian/Proyectos/labs/ptf/Vendor/pear-pear.cakephp.org/CakePHP/Cake/Model/Model.php(1832): DboSource->create(Object(ZonasAdUnit), Array, Array)
#4 /Users/cristian/Proyectos/labs/ptf/site/Controller/ZonasController.php(108): Model->save(Array)
#5 [internal function]: ZonasController->admin_add('7', '192264285', '114991485', '4')
#6 /Users/cristian/Proyectos/labs/ptf/Vendor/pear-pear.cakephp.org/CakePHP/Cake/Controller/Controller.php(490): ReflectionMethod->invokeArgs(Object(ZonasController), Array)
#7 /Users/cristian/Proyectos/labs/ptf/Vendor/pear-pear.cakephp.org/CakePHP/Cake/Routing/Dispatcher.php(185): Controller->invokeAction(Object(CakeRequest))
#8 /Users/cristian/Proyectos/labs/ptf/Vendor/pear-pear.cakephp.org/CakePHP/Cake/Routing/Dispatcher.php(160): Dispatcher->_invoke(Object(ZonasController), Object(CakeRequest), Object(CakeResponse))
#9 /Users/cristian/Proyectos/labs/ptf/site/webroot/index.php(103): Dispatcher->dispatch(Object(CakeRequest), Object(CakeResponse))
#10 {main}
2014-06-23 16:11:16 Error: Fatal Error (1): Call to a member function find() on a non-object in [/Users/cristian/Proyectos/labs/ptf/site/Controller/ZonasController.php, line 206]
2014-06-23 16:11:16 Error: [FatalErrorException] Call to a member function find() on a non-object
Request URL: /site/admin/zonas/edit/7
Stack Trace:
#0 /Users/cristian/Proyectos/labs/ptf/Vendor/pear-pear.cakephp.org/CakePHP/Cake/Error/ErrorHandler.php(203): ErrorHandler::handleFatalError(1, 'Call to a membe...', '/Users/cristian...', 206)
#1 [internal function]: ErrorHandler::handleError(1, 'Call to a membe...', '/Users/cristian...', 206, Array)
#2 /Users/cristian/Proyectos/labs/ptf/Vendor/pear-pear.cakephp.org/CakePHP/Cake/Core/App.php(929): call_user_func('ErrorHandler::h...', 1, 'Call to a membe...', '/Users/cristian...', 206, Array)
#3 /Users/cristian/Proyectos/labs/ptf/Vendor/pear-pear.cakephp.org/CakePHP/Cake/Core/App.php(902): App::_checkFatalError()
#4 [internal function]: App::shutdown()
#5 {main}
2014-06-23 16:12:21 Error: Fatal Error (1): Call to a member function find() on a non-object in [/Users/cristian/Proyectos/labs/ptf/site/Controller/ZonasController.php, line 206]
2014-06-23 16:12:21 Error: [FatalErrorException] Call to a member function find() on a non-object
Request URL: /site/admin/zonas/edit/7
Stack Trace:
#0 /Users/cristian/Proyectos/labs/ptf/Vendor/pear-pear.cakephp.org/CakePHP/Cake/Error/ErrorHandler.php(203): ErrorHandler::handleFatalError(1, 'Call to a membe...', '/Users/cristian...', 206)
#1 [internal function]: ErrorHandler::handleError(1, 'Call to a membe...', '/Users/cristian...', 206, Array)
#2 /Users/cristian/Proyectos/labs/ptf/Vendor/pear-pear.cakephp.org/CakePHP/Cake/Core/App.php(929): call_user_func('ErrorHandler::h...', 1, 'Call to a membe...', '/Users/cristian...', 206, Array)
#3 /Users/cristian/Proyectos/labs/ptf/Vendor/pear-pear.cakephp.org/CakePHP/Cake/Core/App.php(902): App::_checkFatalError()
#4 [internal function]: App::shutdown()
#5 {main}
2014-06-23 16:29:15 Error: [MissingViewException] View file "/Users/cristian/Proyectos/labs/ptf/site/View/Zonas/admin_add.ctp" is missing.
Exception Attributes: array (
  'file' => '/Users/cristian/Proyectos/labs/ptf/site/View/Zonas/admin_add.ctp',
)
Request URL: /site/admin/zonas/add
Stack Trace:
#0 /Users/cristian/Proyectos/labs/ptf/Vendor/pear-pear.cakephp.org/CakePHP/Cake/View/View.php(463): View->_getViewFileName(NULL)
#1 /Users/cristian/Proyectos/labs/ptf/Vendor/pear-pear.cakephp.org/CakePHP/Cake/Controller/Controller.php(954): View->render(NULL, NULL)
#2 /Users/cristian/Proyectos/labs/ptf/Vendor/pear-pear.cakephp.org/CakePHP/Cake/Routing/Dispatcher.php(192): Controller->render()
#3 /Users/cristian/Proyectos/labs/ptf/Vendor/pear-pear.cakephp.org/CakePHP/Cake/Routing/Dispatcher.php(160): Dispatcher->_invoke(Object(ZonasController), Object(CakeRequest), Object(CakeResponse))
#4 /Users/cristian/Proyectos/labs/ptf/site/webroot/index.php(103): Dispatcher->dispatch(Object(CakeRequest), Object(CakeResponse))
#5 {main}
2014-06-23 16:35:23 Error: [MissingActionException] Action UsersController::admin() could not be found.
Exception Attributes: array (
  'controller' => 'UsersController',
  'action' => 'admin',
)
Request URL: /site/users/admin/zonas/add
Stack Trace:
#0 /Users/cristian/Proyectos/labs/ptf/Vendor/pear-pear.cakephp.org/CakePHP/Cake/Routing/Dispatcher.php(185): Controller->invokeAction(Object(CakeRequest))
#1 /Users/cristian/Proyectos/labs/ptf/Vendor/pear-pear.cakephp.org/CakePHP/Cake/Routing/Dispatcher.php(160): Dispatcher->_invoke(Object(UsersController), Object(CakeRequest), Object(CakeResponse))
#2 /Users/cristian/Proyectos/labs/ptf/site/webroot/index.php(103): Dispatcher->dispatch(Object(CakeRequest), Object(CakeResponse))
#3 {main}
2014-06-23 17:02:39 Error: Fatal Error (1): Call to a member function findById() on a non-object in [/Users/cristian/Proyectos/labs/ptf/site/Controller/ZonasController.php, line 78]
2014-06-23 17:02:39 Error: [FatalErrorException] Call to a member function findById() on a non-object
Request URL: /site/admin/zonas/add
Stack Trace:
#0 /Users/cristian/Proyectos/labs/ptf/Vendor/pear-pear.cakephp.org/CakePHP/Cake/Error/ErrorHandler.php(203): ErrorHandler::handleFatalError(1, 'Call to a membe...', '/Users/cristian...', 78)
#1 [internal function]: ErrorHandler::handleError(1, 'Call to a membe...', '/Users/cristian...', 78, Array)
#2 /Users/cristian/Proyectos/labs/ptf/Vendor/pear-pear.cakephp.org/CakePHP/Cake/Core/App.php(929): call_user_func('ErrorHandler::h...', 1, 'Call to a membe...', '/Users/cristian...', 78, Array)
#3 /Users/cristian/Proyectos/labs/ptf/Vendor/pear-pear.cakephp.org/CakePHP/Cake/Core/App.php(902): App::_checkFatalError()
#4 [internal function]: App::shutdown()
#5 {main}
2014-06-23 17:05:12 Error: Fatal Error (1): Call to a member function findById() on a non-object in [/Users/cristian/Proyectos/labs/ptf/site/Controller/ZonasController.php, line 78]
2014-06-23 17:05:12 Error: [FatalErrorException] Call to a member function findById() on a non-object
Request URL: /site/admin/zonas/add
Stack Trace:
#0 /Users/cristian/Proyectos/labs/ptf/Vendor/pear-pear.cakephp.org/CakePHP/Cake/Error/ErrorHandler.php(203): ErrorHandler::handleFatalError(1, 'Call to a membe...', '/Users/cristian...', 78)
#1 [internal function]: ErrorHandler::handleError(1, 'Call to a membe...', '/Users/cristian...', 78, Array)
#2 /Users/cristian/Proyectos/labs/ptf/Vendor/pear-pear.cakephp.org/CakePHP/Cake/Core/App.php(929): call_user_func('ErrorHandler::h...', 1, 'Call to a membe...', '/Users/cristian...', 78, Array)
#3 /Users/cristian/Proyectos/labs/ptf/Vendor/pear-pear.cakephp.org/CakePHP/Cake/Core/App.php(902): App::_checkFatalError()
#4 [internal function]: App::shutdown()
#5 {main}
2014-06-23 17:05:23 Error: Fatal Error (1): Call to a member function findById() on a non-object in [/Users/cristian/Proyectos/labs/ptf/site/Controller/ZonasController.php, line 78]
2014-06-23 17:05:23 Error: [FatalErrorException] Call to a member function findById() on a non-object
Request URL: /site/admin/zonas/add
Stack Trace:
#0 /Users/cristian/Proyectos/labs/ptf/Vendor/pear-pear.cakephp.org/CakePHP/Cake/Error/ErrorHandler.php(203): ErrorHandler::handleFatalError(1, 'Call to a membe...', '/Users/cristian...', 78)
#1 [internal function]: ErrorHandler::handleError(1, 'Call to a membe...', '/Users/cristian...', 78, Array)
#2 /Users/cristian/Proyectos/labs/ptf/Vendor/pear-pear.cakephp.org/CakePHP/Cake/Core/App.php(929): call_user_func('ErrorHandler::h...', 1, 'Call to a membe...', '/Users/cristian...', 78, Array)
#3 /Users/cristian/Proyectos/labs/ptf/Vendor/pear-pear.cakephp.org/CakePHP/Cake/Core/App.php(902): App::_checkFatalError()
#4 [internal function]: App::shutdown()
#5 {main}
2014-06-23 17:06:10 Error: Fatal Error (1): Call to a member function findById() on a non-object in [/Users/cristian/Proyectos/labs/ptf/site/Controller/ZonasController.php, line 78]
2014-06-23 17:06:10 Error: [FatalErrorException] Call to a member function findById() on a non-object
Request URL: /site/admin/zonas/add
Stack Trace:
#0 /Users/cristian/Proyectos/labs/ptf/Vendor/pear-pear.cakephp.org/CakePHP/Cake/Error/ErrorHandler.php(203): ErrorHandler::handleFatalError(1, 'Call to a membe...', '/Users/cristian...', 78)
#1 [internal function]: ErrorHandler::handleError(1, 'Call to a membe...', '/Users/cristian...', 78, Array)
#2 /Users/cristian/Proyectos/labs/ptf/Vendor/pear-pear.cakephp.org/CakePHP/Cake/Core/App.php(929): call_user_func('ErrorHandler::h...', 1, 'Call to a membe...', '/Users/cristian...', 78, Array)
#3 /Users/cristian/Proyectos/labs/ptf/Vendor/pear-pear.cakephp.org/CakePHP/Cake/Core/App.php(902): App::_checkFatalError()
#4 [internal function]: App::shutdown()
#5 {main}
2014-06-23 17:06:55 Error: Fatal Error (1): Call to a member function findById() on a non-object in [/Users/cristian/Proyectos/labs/ptf/site/Controller/ZonasController.php, line 78]
2014-06-23 17:06:55 Error: [FatalErrorException] Call to a member function findById() on a non-object
Request URL: /site/admin/zonas/add
Stack Trace:
#0 /Users/cristian/Proyectos/labs/ptf/Vendor/pear-pear.cakephp.org/CakePHP/Cake/Error/ErrorHandler.php(203): ErrorHandler::handleFatalError(1, 'Call to a membe...', '/Users/cristian...', 78)
#1 [internal function]: ErrorHandler::handleError(1, 'Call to a membe...', '/Users/cristian...', 78, Array)
#2 /Users/cristian/Proyectos/labs/ptf/Vendor/pear-pear.cakephp.org/CakePHP/Cake/Core/App.php(929): call_user_func('ErrorHandler::h...', 1, 'Call to a membe...', '/Users/cristian...', 78, Array)
#3 /Users/cristian/Proyectos/labs/ptf/Vendor/pear-pear.cakephp.org/CakePHP/Cake/Core/App.php(902): App::_checkFatalError()
#4 [internal function]: App::shutdown()
#5 {main}
2014-06-23 17:07:40 Error: [PDOException] SQLSTATE[42S22]: Column not found: 1054 Unknown column 'LineItem.ad_order_id' in 'where clause'
Request URL: /site/admin/zonas/add
Stack Trace:
#0 /Users/cristian/Proyectos/labs/ptf/Vendor/pear-pear.cakephp.org/CakePHP/Cake/Model/Datasource/DboSource.php(458): PDOStatement->execute(Array)
#1 /Users/cristian/Proyectos/labs/ptf/Vendor/pear-pear.cakephp.org/CakePHP/Cake/Model/Datasource/DboSource.php(424): DboSource->_execute('SELECT `LineIte...', Array)
#2 /Users/cristian/Proyectos/labs/ptf/Vendor/pear-pear.cakephp.org/CakePHP/Cake/Model/Datasource/DboSource.php(665): DboSource->execute('SELECT `LineIte...', Array, Array)
#3 /Users/cristian/Proyectos/labs/ptf/Vendor/pear-pear.cakephp.org/CakePHP/Cake/Model/Datasource/DboSource.php(1077): DboSource->fetchAll('SELECT `LineIte...', false)
#4 /Users/cristian/Proyectos/labs/ptf/Vendor/pear-pear.cakephp.org/CakePHP/Cake/Model/Model.php(2903): DboSource->read(Object(LineItem), Array)
#5 /Users/cristian/Proyectos/labs/ptf/Vendor/pear-pear.cakephp.org/CakePHP/Cake/Model/Model.php(2875): Model->_readDataSource('first', Array)
#6 /Users/cristian/Proyectos/labs/ptf/Vendor/pear-pear.cakephp.org/CakePHP/Cake/Model/Datasource/DboSource.php(597): Model->find('first', Array)
#7 /Users/cristian/Proyectos/labs/ptf/Vendor/pear-pear.cakephp.org/CakePHP/Cake/Model/Model.php(800): DboSource->query('findByAd_order_...', Array, Object(LineItem))
#8 /Users/cristian/Proyectos/labs/ptf/site/Controller/ZonasController.php(78): Model->__call('findByAd_order_...', Array)
#9 /Users/cristian/Proyectos/labs/ptf/site/Controller/ZonasController.php(78): LineItem->findByAd_order_id('192264285')
#10 [internal function]: ZonasController->admin_add()
#11 /Users/cristian/Proyectos/labs/ptf/Vendor/pear-pear.cakephp.org/CakePHP/Cake/Controller/Controller.php(490): ReflectionMethod->invokeArgs(Object(ZonasController), Array)
#12 /Users/cristian/Proyectos/labs/ptf/Vendor/pear-pear.cakephp.org/CakePHP/Cake/Routing/Dispatcher.php(185): Controller->invokeAction(Object(CakeRequest))
#13 /Users/cristian/Proyectos/labs/ptf/Vendor/pear-pear.cakephp.org/CakePHP/Cake/Routing/Dispatcher.php(160): Dispatcher->_invoke(Object(ZonasController), Object(CakeRequest), Object(CakeResponse))
#14 /Users/cristian/Proyectos/labs/ptf/site/webroot/index.php(103): Dispatcher->dispatch(Object(CakeRequest), Object(CakeResponse))
#15 {main}
2014-06-23 17:10:18 Error: [PDOException] SQLSTATE[23000]: Integrity constraint violation: 1062 Duplicate entry '114991485-78070005' for key 'PRIMARY'
Request URL: /site/admin/zonas/add
Stack Trace:
#0 /Users/cristian/Proyectos/labs/ptf/Vendor/pear-pear.cakephp.org/CakePHP/Cake/Model/Datasource/DboSource.php(458): PDOStatement->execute(Array)
#1 /Users/cristian/Proyectos/labs/ptf/Vendor/pear-pear.cakephp.org/CakePHP/Cake/Model/Datasource/DboSource.php(424): DboSource->_execute('INSERT INTO `me...', Array)
#2 /Users/cristian/Proyectos/labs/ptf/Vendor/pear-pear.cakephp.org/CakePHP/Cake/Model/Datasource/DboSource.php(1004): DboSource->execute('INSERT INTO `me...')
#3 /Users/cristian/Proyectos/labs/ptf/Vendor/pear-pear.cakephp.org/CakePHP/Cake/Model/Model.php(1832): DboSource->create(Object(AppModel), Array, Array)
#4 /Users/cristian/Proyectos/labs/ptf/site/Controller/ZonasController.php(116): Model->save(Array)
#5 [internal function]: ZonasController->admin_add()
#6 /Users/cristian/Proyectos/labs/ptf/Vendor/pear-pear.cakephp.org/CakePHP/Cake/Controller/Controller.php(490): ReflectionMethod->invokeArgs(Object(ZonasController), Array)
#7 /Users/cristian/Proyectos/labs/ptf/Vendor/pear-pear.cakephp.org/CakePHP/Cake/Routing/Dispatcher.php(185): Controller->invokeAction(Object(CakeRequest))
#8 /Users/cristian/Proyectos/labs/ptf/Vendor/pear-pear.cakephp.org/CakePHP/Cake/Routing/Dispatcher.php(160): Dispatcher->_invoke(Object(ZonasController), Object(CakeRequest), Object(CakeResponse))
#9 /Users/cristian/Proyectos/labs/ptf/site/webroot/index.php(103): Dispatcher->dispatch(Object(CakeRequest), Object(CakeResponse))
#10 {main}
2014-06-23 17:11:34 Error: [PDOException] SQLSTATE[23000]: Integrity constraint violation: 1062 Duplicate entry '114991485-78070005' for key 'PRIMARY'
Request URL: /site/admin/zonas/add
Stack Trace:
#0 /Users/cristian/Proyectos/labs/ptf/Vendor/pear-pear.cakephp.org/CakePHP/Cake/Model/Datasource/DboSource.php(458): PDOStatement->execute(Array)
#1 /Users/cristian/Proyectos/labs/ptf/Vendor/pear-pear.cakephp.org/CakePHP/Cake/Model/Datasource/DboSource.php(424): DboSource->_execute('INSERT INTO `me...', Array)
#2 /Users/cristian/Proyectos/labs/ptf/Vendor/pear-pear.cakephp.org/CakePHP/Cake/Model/Datasource/DboSource.php(1004): DboSource->execute('INSERT INTO `me...')
#3 /Users/cristian/Proyectos/labs/ptf/Vendor/pear-pear.cakephp.org/CakePHP/Cake/Model/Model.php(1832): DboSource->create(Object(AppModel), Array, Array)
#4 /Users/cristian/Proyectos/labs/ptf/site/Controller/ZonasController.php(115): Model->save(Array)
#5 [internal function]: ZonasController->admin_add()
#6 /Users/cristian/Proyectos/labs/ptf/Vendor/pear-pear.cakephp.org/CakePHP/Cake/Controller/Controller.php(490): ReflectionMethod->invokeArgs(Object(ZonasController), Array)
#7 /Users/cristian/Proyectos/labs/ptf/Vendor/pear-pear.cakephp.org/CakePHP/Cake/Routing/Dispatcher.php(185): Controller->invokeAction(Object(CakeRequest))
#8 /Users/cristian/Proyectos/labs/ptf/Vendor/pear-pear.cakephp.org/CakePHP/Cake/Routing/Dispatcher.php(160): Dispatcher->_invoke(Object(ZonasController), Object(CakeRequest), Object(CakeResponse))
#9 /Users/cristian/Proyectos/labs/ptf/site/webroot/index.php(103): Dispatcher->dispatch(Object(CakeRequest), Object(CakeResponse))
#10 {main}
2014-06-23 17:11:36 Error: [PDOException] SQLSTATE[23000]: Integrity constraint violation: 1062 Duplicate entry '114991485-78070005' for key 'PRIMARY'
Request URL: /site/admin/zonas/add
Stack Trace:
#0 /Users/cristian/Proyectos/labs/ptf/Vendor/pear-pear.cakephp.org/CakePHP/Cake/Model/Datasource/DboSource.php(458): PDOStatement->execute(Array)
#1 /Users/cristian/Proyectos/labs/ptf/Vendor/pear-pear.cakephp.org/CakePHP/Cake/Model/Datasource/DboSource.php(424): DboSource->_execute('INSERT INTO `me...', Array)
#2 /Users/cristian/Proyectos/labs/ptf/Vendor/pear-pear.cakephp.org/CakePHP/Cake/Model/Datasource/DboSource.php(1004): DboSource->execute('INSERT INTO `me...')
#3 /Users/cristian/Proyectos/labs/ptf/Vendor/pear-pear.cakephp.org/CakePHP/Cake/Model/Model.php(1832): DboSource->create(Object(AppModel), Array, Array)
#4 /Users/cristian/Proyectos/labs/ptf/site/Controller/ZonasController.php(115): Model->save(Array)
#5 [internal function]: ZonasController->admin_add()
#6 /Users/cristian/Proyectos/labs/ptf/Vendor/pear-pear.cakephp.org/CakePHP/Cake/Controller/Controller.php(490): ReflectionMethod->invokeArgs(Object(ZonasController), Array)
#7 /Users/cristian/Proyectos/labs/ptf/Vendor/pear-pear.cakephp.org/CakePHP/Cake/Routing/Dispatcher.php(185): Controller->invokeAction(Object(CakeRequest))
#8 /Users/cristian/Proyectos/labs/ptf/Vendor/pear-pear.cakephp.org/CakePHP/Cake/Routing/Dispatcher.php(160): Dispatcher->_invoke(Object(ZonasController), Object(CakeRequest), Object(CakeResponse))
#9 /Users/cristian/Proyectos/labs/ptf/site/webroot/index.php(103): Dispatcher->dispatch(Object(CakeRequest), Object(CakeResponse))
#10 {main}
2014-06-23 17:11:38 Error: [PDOException] SQLSTATE[23000]: Integrity constraint violation: 1062 Duplicate entry '114991485-78070005' for key 'PRIMARY'
Request URL: /site/admin/zonas/add
Stack Trace:
#0 /Users/cristian/Proyectos/labs/ptf/Vendor/pear-pear.cakephp.org/CakePHP/Cake/Model/Datasource/DboSource.php(458): PDOStatement->execute(Array)
#1 /Users/cristian/Proyectos/labs/ptf/Vendor/pear-pear.cakephp.org/CakePHP/Cake/Model/Datasource/DboSource.php(424): DboSource->_execute('INSERT INTO `me...', Array)
#2 /Users/cristian/Proyectos/labs/ptf/Vendor/pear-pear.cakephp.org/CakePHP/Cake/Model/Datasource/DboSource.php(1004): DboSource->execute('INSERT INTO `me...')
#3 /Users/cristian/Proyectos/labs/ptf/Vendor/pear-pear.cakephp.org/CakePHP/Cake/Model/Model.php(1832): DboSource->create(Object(AppModel), Array, Array)
#4 /Users/cristian/Proyectos/labs/ptf/site/Controller/ZonasController.php(115): Model->save(Array)
#5 [internal function]: ZonasController->admin_add()
#6 /Users/cristian/Proyectos/labs/ptf/Vendor/pear-pear.cakephp.org/CakePHP/Cake/Controller/Controller.php(490): ReflectionMethod->invokeArgs(Object(ZonasController), Array)
#7 /Users/cristian/Proyectos/labs/ptf/Vendor/pear-pear.cakephp.org/CakePHP/Cake/Routing/Dispatcher.php(185): Controller->invokeAction(Object(CakeRequest))
#8 /Users/cristian/Proyectos/labs/ptf/Vendor/pear-pear.cakephp.org/CakePHP/Cake/Routing/Dispatcher.php(160): Dispatcher->_invoke(Object(ZonasController), Object(CakeRequest), Object(CakeResponse))
#9 /Users/cristian/Proyectos/labs/ptf/site/webroot/index.php(103): Dispatcher->dispatch(Object(CakeRequest), Object(CakeResponse))
#10 {main}
2014-06-23 17:28:20 Error: Fatal Error (4): syntax error, unexpected '$zona' (T_VARIABLE), expecting ',' or ';' in [/Users/cristian/Proyectos/labs/ptf/site/View/Sites/admin_view.ctp, line 47]
2014-06-23 17:28:20 Error: [FatalErrorException] syntax error, unexpected '$zona' (T_VARIABLE), expecting ',' or ';'
Request URL: /site/admin/sites/view/4
Stack Trace:
#0 /Users/cristian/Proyectos/labs/ptf/Vendor/pear-pear.cakephp.org/CakePHP/Cake/Error/ErrorHandler.php(203): ErrorHandler::handleFatalError(4, 'syntax error, u...', '/Users/cristian...', 47)
#1 [internal function]: ErrorHandler::handleError(4, 'syntax error, u...', '/Users/cristian...', 47, Array)
#2 /Users/cristian/Proyectos/labs/ptf/Vendor/pear-pear.cakephp.org/CakePHP/Cake/Core/App.php(929): call_user_func('ErrorHandler::h...', 4, 'syntax error, u...', '/Users/cristian...', 47, Array)
#3 /Users/cristian/Proyectos/labs/ptf/Vendor/pear-pear.cakephp.org/CakePHP/Cake/Core/App.php(902): App::_checkFatalError()
#4 [internal function]: App::shutdown()
#5 {main}
2014-06-23 17:48:57 Error: [PDOException] SQLSTATE[42S22]: Column not found: 1054 Unknown column 'LineItemsAdUnit.id' in 'field list'
Request URL: /site/admin/adunits/delete/78069885
Stack Trace:
#0 /Users/cristian/Proyectos/labs/ptf/Vendor/pear-pear.cakephp.org/CakePHP/Cake/Model/Datasource/DboSource.php(458): PDOStatement->execute(Array)
#1 /Users/cristian/Proyectos/labs/ptf/Vendor/pear-pear.cakephp.org/CakePHP/Cake/Model/Datasource/DboSource.php(424): DboSource->_execute('SELECT `LineIte...', Array)
#2 /Users/cristian/Proyectos/labs/ptf/Vendor/pear-pear.cakephp.org/CakePHP/Cake/Model/Datasource/DboSource.php(665): DboSource->execute('SELECT `LineIte...', Array, Array)
#3 /Users/cristian/Proyectos/labs/ptf/Vendor/pear-pear.cakephp.org/CakePHP/Cake/Model/Datasource/DboSource.php(1077): DboSource->fetchAll('SELECT `LineIte...', false)
#4 /Users/cristian/Proyectos/labs/ptf/Vendor/pear-pear.cakephp.org/CakePHP/Cake/Model/Model.php(2903): DboSource->read(Object(AppModel), Array)
#5 /Users/cristian/Proyectos/labs/ptf/Vendor/pear-pear.cakephp.org/CakePHP/Cake/Model/Model.php(2875): Model->_readDataSource('all', Array)
#6 /Users/cristian/Proyectos/labs/ptf/Vendor/pear-pear.cakephp.org/CakePHP/Cake/Model/Model.php(2675): Model->find('all', Array)
#7 /Users/cristian/Proyectos/labs/ptf/Vendor/pear-pear.cakephp.org/CakePHP/Cake/Model/Model.php(2571): Model->_deleteLinks('78069885')
#8 /Users/cristian/Proyectos/labs/ptf/site/Controller/AdunitsController.php(116): Model->delete()
#9 [internal function]: AdUnitsController->admin_delete('78069885')
#10 /Users/cristian/Proyectos/labs/ptf/Vendor/pear-pear.cakephp.org/CakePHP/Cake/Controller/Controller.php(490): ReflectionMethod->invokeArgs(Object(AdUnitsController), Array)
#11 /Users/cristian/Proyectos/labs/ptf/Vendor/pear-pear.cakephp.org/CakePHP/Cake/Routing/Dispatcher.php(185): Controller->invokeAction(Object(CakeRequest))
#12 /Users/cristian/Proyectos/labs/ptf/Vendor/pear-pear.cakephp.org/CakePHP/Cake/Routing/Dispatcher.php(160): Dispatcher->_invoke(Object(AdUnitsController), Object(CakeRequest), Object(CakeResponse))
#13 /Users/cristian/Proyectos/labs/ptf/site/webroot/index.php(103): Dispatcher->dispatch(Object(CakeRequest), Object(CakeResponse))
#14 {main}
2014-06-24 11:07:45 Error: Fatal Error (1): Class 'CakeEmail' not found in [/Users/cristian/Proyectos/labs/ptf/site/Controller/UsersController.php, line 93]
2014-06-24 11:07:45 Error: [FatalErrorException] Class 'CakeEmail' not found
Request URL: /site/admin/users/add
Stack Trace:
#0 /Users/cristian/Proyectos/labs/ptf/Vendor/pear-pear.cakephp.org/CakePHP/Cake/Error/ErrorHandler.php(203): ErrorHandler::handleFatalError(1, 'Class 'CakeEmai...', '/Users/cristian...', 93)
#1 [internal function]: ErrorHandler::handleError(1, 'Class 'CakeEmai...', '/Users/cristian...', 93, Array)
#2 /Users/cristian/Proyectos/labs/ptf/Vendor/pear-pear.cakephp.org/CakePHP/Cake/Core/App.php(929): call_user_func('ErrorHandler::h...', 1, 'Class 'CakeEmai...', '/Users/cristian...', 93, Array)
#3 /Users/cristian/Proyectos/labs/ptf/Vendor/pear-pear.cakephp.org/CakePHP/Cake/Core/App.php(902): App::_checkFatalError()
#4 [internal function]: App::shutdown()
#5 {main}
2014-06-24 11:11:25 Error: Fatal Error (1): Class 'CakeEmail' not found in [/Users/cristian/Proyectos/labs/ptf/site/Controller/UsersController.php, line 93]
2014-06-24 11:11:25 Error: [FatalErrorException] Class 'CakeEmail' not found
Request URL: /site/admin/users/add
Stack Trace:
#0 /Users/cristian/Proyectos/labs/ptf/Vendor/pear-pear.cakephp.org/CakePHP/Cake/Error/ErrorHandler.php(203): ErrorHandler::handleFatalError(1, 'Class 'CakeEmai...', '/Users/cristian...', 93)
#1 [internal function]: ErrorHandler::handleError(1, 'Class 'CakeEmai...', '/Users/cristian...', 93, Array)
#2 /Users/cristian/Proyectos/labs/ptf/Vendor/pear-pear.cakephp.org/CakePHP/Cake/Core/App.php(929): call_user_func('ErrorHandler::h...', 1, 'Class 'CakeEmai...', '/Users/cristian...', 93, Array)
#3 /Users/cristian/Proyectos/labs/ptf/Vendor/pear-pear.cakephp.org/CakePHP/Cake/Core/App.php(902): App::_checkFatalError()
#4 [internal function]: App::shutdown()
#5 {main}
2014-06-24 11:42:06 Error: Fatal Error (1): Class 'CakeEmail' not found in [/Users/cristian/Proyectos/labs/ptf/site/Controller/UsersController.php, line 89]
2014-06-24 11:42:06 Error: [FatalErrorException] Class 'CakeEmail' not found
Request URL: /site/admin/users/add
Stack Trace:
#0 /Users/cristian/Proyectos/labs/ptf/Vendor/pear-pear.cakephp.org/CakePHP/Cake/Error/ErrorHandler.php(203): ErrorHandler::handleFatalError(1, 'Class 'CakeEmai...', '/Users/cristian...', 89)
#1 [internal function]: ErrorHandler::handleError(1, 'Class 'CakeEmai...', '/Users/cristian...', 89, Array)
#2 /Users/cristian/Proyectos/labs/ptf/Vendor/pear-pear.cakephp.org/CakePHP/Cake/Core/App.php(929): call_user_func('ErrorHandler::h...', 1, 'Class 'CakeEmai...', '/Users/cristian...', 89, Array)
#3 /Users/cristian/Proyectos/labs/ptf/Vendor/pear-pear.cakephp.org/CakePHP/Cake/Core/App.php(902): App::_checkFatalError()
#4 [internal function]: App::shutdown()
#5 {main}
2014-06-24 12:08:39 Error: Fatal Error (1): Call to a member function validate() on a non-object in [/Users/cristian/Proyectos/labs/ptf/site/Controller/UsersController.php, line 274]
2014-06-24 12:08:39 Error: [FatalErrorException] Call to a member function validate() on a non-object
Request URL: /site/users/login
Stack Trace:
#0 /Users/cristian/Proyectos/labs/ptf/Vendor/pear-pear.cakephp.org/CakePHP/Cake/Error/ErrorHandler.php(203): ErrorHandler::handleFatalError(1, 'Call to a membe...', '/Users/cristian...', 274)
#1 [internal function]: ErrorHandler::handleError(1, 'Call to a membe...', '/Users/cristian...', 274, Array)
#2 /Users/cristian/Proyectos/labs/ptf/Vendor/pear-pear.cakephp.org/CakePHP/Cake/Core/App.php(929): call_user_func('ErrorHandler::h...', 1, 'Call to a membe...', '/Users/cristian...', 274, Array)
#3 /Users/cristian/Proyectos/labs/ptf/Vendor/pear-pear.cakephp.org/CakePHP/Cake/Core/App.php(902): App::_checkFatalError()
#4 [internal function]: App::shutdown()
#5 {main}
2014-06-26 17:21:26 Error: [MissingControllerException] Controller class InstallController could not be found.
Exception Attributes: array (
  'class' => 'InstallController',
  'plugin' => NULL,
)
Request URL: /site/install
Stack Trace:
#0 /Users/cristian/Proyectos/labs/ptf/site/webroot/index.php(103): Dispatcher->dispatch(Object(CakeRequest), Object(CakeResponse))
#1 {main}
2014-07-09 12:52:47 Warning: Warning (2): include_once(/Users/cristian/Proyectos/labs/ptf/site/Config/database.php): failed to open stream: No such file or directory in [/Users/cristian/Proyectos/labs/ptf/Vendor/pear-pear.cakephp.org/CakePHP/Cake/Model/ConnectionManager.php, line 67]
Trace:
ConnectionManager::_init() - CORE/Cake/Model/ConnectionManager.php, line 67
ConnectionManager::_init() - CORE/Cake/Model/ConnectionManager.php, line 67
ConnectionManager::getDataSource() - CORE/Cake/Model/ConnectionManager.php, line 83
Model::setDataSource() - CORE/Cake/Model/Model.php, line 3477
Model::setSource() - CORE/Cake/Model/Model.php, line 1126
Model::getDataSource() - CORE/Cake/Model/Model.php, line 3499
Model::_readDataSource() - CORE/Cake/Model/Model.php, line 2903
Model::find() - CORE/Cake/Model/Model.php, line 2875
AppController::beforeRender() - APP/Controller/AppController.php, line 38
call_user_func - [internal], line ??
CakeEventManager::dispatch() - CORE/Cake/Event/CakeEventManager.php, line 247
Controller::render() - CORE/Cake/Controller/Controller.php, line 927
PagesController::display() - APP/Controller/PagesController.php, line 69
ReflectionMethod::invokeArgs() - [internal], line ??
Controller::invokeAction() - CORE/Cake/Controller/Controller.php, line 490
Dispatcher::_invoke() - CORE/Cake/Routing/Dispatcher.php, line 185
Dispatcher::dispatch() - CORE/Cake/Routing/Dispatcher.php, line 160
[main] - APP/webroot/index.php, line 103

2014-07-09 12:52:47 Warning: Warning (2): include_once() [<a href='http://php.net/function.include'>function.include</a>]: Failed opening '/Users/cristian/Proyectos/labs/ptf/site/Config/database.php' for inclusion (include_path='.:/Applications/MAMP/bin/php/php5.4.4/lib/php:/Users/cristian/Proyectos/labs/ptf/site/Vendor/googleads-php-lib/src/Google/Api/Ads/Dfp/Lib/../../../../../') in [/Users/cristian/Proyectos/labs/ptf/Vendor/pear-pear.cakephp.org/CakePHP/Cake/Model/ConnectionManager.php, line 67]
Trace:
ConnectionManager::_init() - CORE/Cake/Model/ConnectionManager.php, line 67
ConnectionManager::_init() - CORE/Cake/Model/ConnectionManager.php, line 67
ConnectionManager::getDataSource() - CORE/Cake/Model/ConnectionManager.php, line 83
Model::setDataSource() - CORE/Cake/Model/Model.php, line 3477
Model::setSource() - CORE/Cake/Model/Model.php, line 1126
Model::getDataSource() - CORE/Cake/Model/Model.php, line 3499
Model::_readDataSource() - CORE/Cake/Model/Model.php, line 2903
Model::find() - CORE/Cake/Model/Model.php, line 2875
AppController::beforeRender() - APP/Controller/AppController.php, line 38
call_user_func - [internal], line ??
CakeEventManager::dispatch() - CORE/Cake/Event/CakeEventManager.php, line 247
Controller::render() - CORE/Cake/Controller/Controller.php, line 927
PagesController::display() - APP/Controller/PagesController.php, line 69
ReflectionMethod::invokeArgs() - [internal], line ??
Controller::invokeAction() - CORE/Cake/Controller/Controller.php, line 490
Dispatcher::_invoke() - CORE/Cake/Routing/Dispatcher.php, line 185
Dispatcher::dispatch() - CORE/Cake/Routing/Dispatcher.php, line 160
[main] - APP/webroot/index.php, line 103

2014-07-09 12:52:48 Error: [MissingDatasourceConfigException] The datasource configuration "default" was not found in database.php
Exception Attributes: array (
  'config' => 'default',
)
Request URL: /site/
Stack Trace:
#0 /Users/cristian/Proyectos/labs/ptf/Vendor/pear-pear.cakephp.org/CakePHP/Cake/Model/ConnectionManager.php(91): ConnectionManager::_getConnectionObject('default')
#1 /Users/cristian/Proyectos/labs/ptf/Vendor/pear-pear.cakephp.org/CakePHP/Cake/Model/Model.php(3477): ConnectionManager::getDataSource('default')
#2 /Users/cristian/Proyectos/labs/ptf/Vendor/pear-pear.cakephp.org/CakePHP/Cake/Model/Model.php(1126): Model->setDataSource('default')
#3 /Users/cristian/Proyectos/labs/ptf/Vendor/pear-pear.cakephp.org/CakePHP/Cake/Model/Model.php(3499): Model->setSource('users')
#4 /Users/cristian/Proyectos/labs/ptf/Vendor/pear-pear.cakephp.org/CakePHP/Cake/Model/Model.php(2903): Model->getDataSource()
#5 /Users/cristian/Proyectos/labs/ptf/Vendor/pear-pear.cakephp.org/CakePHP/Cake/Model/Model.php(2875): Model->_readDataSource('first', Array)
#6 /Users/cristian/Proyectos/labs/ptf/site/Controller/AppController.php(38): Model->find('first', Array)
#7 [internal function]: AppController->beforeRender(Object(CakeEvent))
#8 /Users/cristian/Proyectos/labs/ptf/Vendor/pear-pear.cakephp.org/CakePHP/Cake/Event/CakeEventManager.php(247): call_user_func(Array, Object(CakeEvent))
#9 /Users/cristian/Proyectos/labs/ptf/Vendor/pear-pear.cakephp.org/CakePHP/Cake/Controller/Controller.php(927): CakeEventManager->dispatch(Object(CakeEvent))
#10 /Users/cristian/Proyectos/labs/ptf/site/Controller/PagesController.php(69): Controller->render('home')
#11 [internal function]: PagesController->display('home')
#12 /Users/cristian/Proyectos/labs/ptf/Vendor/pear-pear.cakephp.org/CakePHP/Cake/Controller/Controller.php(490): ReflectionMethod->invokeArgs(Object(PagesController), Array)
#13 /Users/cristian/Proyectos/labs/ptf/Vendor/pear-pear.cakephp.org/CakePHP/Cake/Routing/Dispatcher.php(185): Controller->invokeAction(Object(CakeRequest))
#14 /Users/cristian/Proyectos/labs/ptf/Vendor/pear-pear.cakephp.org/CakePHP/Cake/Routing/Dispatcher.php(160): Dispatcher->_invoke(Object(PagesController), Object(CakeRequest), Object(CakeResponse))
#15 /Users/cristian/Proyectos/labs/ptf/site/webroot/index.php(103): Dispatcher->dispatch(Object(CakeRequest), Object(CakeResponse))
#16 {main}
2014-07-11 10:19:40 Error: Fatal Error (4): syntax error, unexpected '=>' (T_DOUBLE_ARROW) in [/Users/cristian/Proyectos/labs/ptf/site/View/Sites/admin_add.ctp, line 6]
2014-07-11 10:19:40 Error: [InternalErrorException] Internal Server Error
Request URL: /site/admin/sites/add
Stack Trace:
#0 /Users/cristian/Proyectos/labs/ptf/Vendor/pear-pear.cakephp.org/CakePHP/Cake/Error/ErrorHandler.php(203): ErrorHandler::handleFatalError(4, 'syntax error, u...', '/Users/cristian...', 6)
#1 [internal function]: ErrorHandler::handleError(4, 'syntax error, u...', '/Users/cristian...', 6, Array)
#2 /Users/cristian/Proyectos/labs/ptf/Vendor/pear-pear.cakephp.org/CakePHP/Cake/Core/App.php(929): call_user_func('ErrorHandler::h...', 4, 'syntax error, u...', '/Users/cristian...', 6, Array)
#3 /Users/cristian/Proyectos/labs/ptf/Vendor/pear-pear.cakephp.org/CakePHP/Cake/Core/App.php(902): App::_checkFatalError()
#4 [internal function]: App::shutdown()
#5 {main}
2014-07-11 10:19:52 Error: Fatal Error (4): syntax error, unexpected '=>' (T_DOUBLE_ARROW) in [/Users/cristian/Proyectos/labs/ptf/site/View/Sites/admin_add.ctp, line 6]
2014-07-11 10:19:52 Error: [InternalErrorException] Internal Server Error
Request URL: /site/admin/sites/add
Stack Trace:
#0 /Users/cristian/Proyectos/labs/ptf/Vendor/pear-pear.cakephp.org/CakePHP/Cake/Error/ErrorHandler.php(203): ErrorHandler::handleFatalError(4, 'syntax error, u...', '/Users/cristian...', 6)
#1 [internal function]: ErrorHandler::handleError(4, 'syntax error, u...', '/Users/cristian...', 6, Array)
#2 /Users/cristian/Proyectos/labs/ptf/Vendor/pear-pear.cakephp.org/CakePHP/Cake/Core/App.php(929): call_user_func('ErrorHandler::h...', 4, 'syntax error, u...', '/Users/cristian...', 6, Array)
#3 /Users/cristian/Proyectos/labs/ptf/Vendor/pear-pear.cakephp.org/CakePHP/Cake/Core/App.php(902): App::_checkFatalError()
#4 [internal function]: App::shutdown()
#5 {main}
2014-07-11 10:20:02 Error: Fatal Error (4): syntax error, unexpected '=>' (T_DOUBLE_ARROW) in [/Users/cristian/Proyectos/labs/ptf/site/View/Sites/admin_add.ctp, line 7]
2014-07-11 10:20:02 Error: [InternalErrorException] Internal Server Error
Request URL: /site/admin/sites/add
Stack Trace:
#0 /Users/cristian/Proyectos/labs/ptf/Vendor/pear-pear.cakephp.org/CakePHP/Cake/Error/ErrorHandler.php(203): ErrorHandler::handleFatalError(4, 'syntax error, u...', '/Users/cristian...', 7)
#1 [internal function]: ErrorHandler::handleError(4, 'syntax error, u...', '/Users/cristian...', 7, Array)
#2 /Users/cristian/Proyectos/labs/ptf/Vendor/pear-pear.cakephp.org/CakePHP/Cake/Core/App.php(929): call_user_func('ErrorHandler::h...', 4, 'syntax error, u...', '/Users/cristian...', 7, Array)
#3 /Users/cristian/Proyectos/labs/ptf/Vendor/pear-pear.cakephp.org/CakePHP/Cake/Core/App.php(902): App::_checkFatalError()
#4 [internal function]: App::shutdown()
#5 {main}
2014-07-11 11:40:51 Error: [MissingActionException] Action UsersController::admin() could not be found.
Exception Attributes: array (
  'controller' => 'UsersController',
  'action' => 'admin',
)
Request URL: /site/users/admin/zonas/add
Stack Trace:
#0 /Users/cristian/Proyectos/labs/ptf/Vendor/pear-pear.cakephp.org/CakePHP/Cake/Routing/Dispatcher.php(185): Controller->invokeAction(Object(CakeRequest))
#1 /Users/cristian/Proyectos/labs/ptf/Vendor/pear-pear.cakephp.org/CakePHP/Cake/Routing/Dispatcher.php(160): Dispatcher->_invoke(Object(UsersController), Object(CakeRequest), Object(CakeResponse))
#2 /Users/cristian/Proyectos/labs/ptf/site/webroot/index.php(103): Dispatcher->dispatch(Object(CakeRequest), Object(CakeResponse))
#3 {main}
2014-07-11 11:41:09 Error: [ForbiddenException] Sin código autorización
Request URL: /site/oauth2callback
Stack Trace:
#0 [internal function]: UsersController->oauth2callback()
#1 /Users/cristian/Proyectos/labs/ptf/Vendor/pear-pear.cakephp.org/CakePHP/Cake/Controller/Controller.php(490): ReflectionMethod->invokeArgs(Object(UsersController), Array)
#2 /Users/cristian/Proyectos/labs/ptf/Vendor/pear-pear.cakephp.org/CakePHP/Cake/Routing/Dispatcher.php(185): Controller->invokeAction(Object(CakeRequest))
#3 /Users/cristian/Proyectos/labs/ptf/Vendor/pear-pear.cakephp.org/CakePHP/Cake/Routing/Dispatcher.php(160): Dispatcher->_invoke(Object(UsersController), Object(CakeRequest), Object(CakeResponse))
#4 /Users/cristian/Proyectos/labs/ptf/site/webroot/index.php(103): Dispatcher->dispatch(Object(CakeRequest), Object(CakeResponse))
#5 {main}
2014-07-11 12:32:33 Error: Fatal Error (4): syntax error, unexpected '=>' (T_DOUBLE_ARROW) in [/Users/cristian/Proyectos/labs/ptf/site/Controller/AdunitsController.php, line 59]
2014-07-11 12:32:33 Error: [FatalErrorException] syntax error, unexpected '=>' (T_DOUBLE_ARROW)
Request URL: /site/admin/adunits/view/78070125
Stack Trace:
#0 /Users/cristian/Proyectos/labs/ptf/Vendor/pear-pear.cakephp.org/CakePHP/Cake/Error/ErrorHandler.php(203): ErrorHandler::handleFatalError(4, 'syntax error, u...', '/Users/cristian...', 59)
#1 [internal function]: ErrorHandler::handleError(4, 'syntax error, u...', '/Users/cristian...', 59, Array)
#2 /Users/cristian/Proyectos/labs/ptf/Vendor/pear-pear.cakephp.org/CakePHP/Cake/Core/App.php(929): call_user_func('ErrorHandler::h...', 4, 'syntax error, u...', '/Users/cristian...', 59, Array)
#3 /Users/cristian/Proyectos/labs/ptf/Vendor/pear-pear.cakephp.org/CakePHP/Cake/Core/App.php(902): App::_checkFatalError()
#4 [internal function]: App::shutdown()
#5 {main}
